2025-06-11 14:24:58,495 INFO: UNPROCESSED: 0|M-Money|1715713269609 | *164*S*Y'ello,A transaction of 25000 RWF by DIRECT PAYMENT LTD  on your MOMO account was successfully completed at 2024-05-14 21:01:00. Message from debit receiver: . Your new balance:4060 RWF. Fee was 0 RWF. Financial Transaction Id: 13947831685. External Transaction Id: 47842929.*EN#
2025-06-11 14:24:58,496 INFO: UNPROCESSED: 0|M-Money|1716682234219 | You Abebe Chala CHEBUDIE (*********036) have via agent: Agent Sophia (250790777777), withdrawn 20000 RWF from your mobile money account: 36521838 at 2024-05-26 02:10:27 and you can now collect your money in cash. Your new balance: 6400 RWF. Fee paid: 350 RWF. Message from agent: 1. Financial Transaction Id: 14098463509.
2025-06-11 14:24:58,497 INFO: UNPROCESSED: 0|M-Money|1717683548224 | *164*S*Y'ello,A transaction of 600 RWF by INFORMATION TECHNOLOGY  ENGINEERING CONSTRUCTION   ITEC Ltd on your MOMO account was successfully completed at 2024-06-06 16:19:01. Message from debit receiver: ITEC Pay. Your new balance:230 RWF. Fee was 0 RWF. Financial Transaction Id: 14262449979. External Transaction Id: c5e8bfeb-33d8-4eb2-8d22-154e5ff5e310.*EN#
2025-06-11 14:24:58,497 INFO: UNPROCESSED: 0|M-Money|1718079978824 | Yello!Umaze kugura 2000Rwf(1GB)/30days igura 2,000 RWF
2025-06-11 14:24:58,497 INFO: UNPROCESSED: 0|M-Money|1718344336236 | *164*S*Y'ello,A transaction of 25000 RWF by DIRECT PAYMENT LTD  on your MOMO account was successfully completed at 2024-06-14 07:52:10. Message from debit receiver: . Your new balance:4750 RWF. Fee was 0 RWF. Financial Transaction Id: 14366722236. External Transaction Id: 48214394.*EN#
2025-06-11 14:24:58,497 INFO: UNPROCESSED: 0|M-Money|1718479745961 | *164*S*Y'ello,A transaction of 8000 RWF by ESICIA LTD KPAY on your MOMO account was successfully completed at 2024-06-15 21:28:58. Message from debit receiver: 1599236171847972758074646. Your new balance:4110 RWF. Fee was 0 RWF. Financial Transaction Id: 14392932831. External Transaction Id: E39762254KPY1718479727.*EN#
2025-06-11 14:24:58,497 INFO: UNPROCESSED: 0|M-Money|1718558767426 | *164*S*Y'ello,A transaction of 5000 RWF by Future Dynamic  Innovations ltd on your MOMO account was successfully completed at 2024-06-16 19:25:44. Message from debit receiver: 610. Your new balance:9350 RWF. Fee was 0 RWF. Financial Transaction Id: 14404189056. External Transaction Id: 475e95b8a1d049c2ba9ee675401d9332.*EN#
2025-06-11 14:24:58,498 INFO: UNPROCESSED: 0|M-Money|1718813759574 | Yello!Umaze kugura 2,000FRW(2GB) igura 2,000 RWF
2025-06-11 14:24:58,498 INFO: UNPROCESSED: 0|M-Money|1719590451961 | Yello!Umaze kugura 2,000FRW(2GB) igura 2,000 RWF
2025-06-11 14:24:58,498 INFO: UNPROCESSED: 0|M-Money|1719613945350 | *164*S*Y'ello,A transaction of 20000 RWF by INTOUCH COMMUNICATIONS  LTD on your MOMO account was successfully completed at 2024-06-29 00:32:19. Message from debit receiver: 250795963036. Your new balance:21670 RWF. Fee was 0 RWF. Financial Transaction Id: 14574631016. External Transaction Id: 169587820240628223202678996.*EN#
2025-06-11 14:24:58,498 INFO: UNPROCESSED: 0|M-Money|1719670020757 | *164*S*Y'ello,A transaction of 20000 RWF by INTOUCH COMMUNICATIONS  LTD on your MOMO account was successfully completed at 2024-06-29 16:06:06. Message from debit receiver: 250795963036. Your new balance:45870 RWF. Fee was 0 RWF. Financial Transaction Id: 14582579702. External Transaction Id: 169710420240629140334182447.*EN#
2025-06-11 14:24:58,499 INFO: UNPROCESSED: 0|M-Money|1720094585182 | Yello!Umaze kugura 500FRW(800MB) igura 500 RWF
2025-06-11 14:24:58,499 INFO: UNPROCESSED: 0|M-Money|1720682760225 | Yello!Umaze kugura 500FRW(800MB) igura 500 RWF
2025-06-11 14:24:58,500 INFO: UNPROCESSED: 0|M-Money|1720963165956 | *164*S*Y'ello,A transaction of 2000 RWF by Data Bundle MTN on your MOMO account was successfully completed at 2024-07-14 15:19:17. Message from debit receiver: . Your new balance:27570 RWF. Fee was 0 RWF. Financial Transaction Id: 14807754878. External Transaction Id: 17209629782498301.*EN#
2025-06-11 14:24:58,500 INFO: UNPROCESSED: 0|M-Money|1721503452398 | A reversal has been initiated for your transaction to Mediatrice UWAYISENGA (250788658286) with 3000 RWF.
2025-06-11 14:24:58,501 INFO: UNPROCESSED: 0|M-Money|1721578773820 | Yello!Umaze kugura 200Rwf(50MB) igura 200 RWF
2025-06-11 14:24:58,502 INFO: UNPROCESSED: 0|M-Money|1721762541773 | Yello!Umaze kugura 500FRW(800MB) igura 500 RWF
2025-06-11 14:24:58,502 INFO: UNPROCESSED: 0|M-Money|1721945444405 | Yello!Umaze kugura 2000Rwf(1.5GB) igura 2,000 RWF
2025-06-11 14:24:58,502 INFO: UNPROCESSED: 0|M-Money|1722511434843 | Yello!Umaze kugura 3000Frw=2500Mins+100SMS igura 3,000 RWF
2025-06-11 14:24:58,502 INFO: UNPROCESSED: 0|M-Money|1722531800596 | Yello!Umaze kugura 500FRW(800MB) igura 500 RWF
2025-06-11 14:24:58,503 INFO: UNPROCESSED: 0|M-Money|1722696140291 | Yello!Umaze kugura 1000Rwf(1GB) igura 1,000 RWF
2025-06-11 14:24:58,503 INFO: UNPROCESSED: 0|M-Money|1722870933106 | Yello!Umaze kugura 200Rwf(50MB) igura 200 RWF
2025-06-11 14:24:58,503 INFO: UNPROCESSED: 0|M-Money|1722968535543 | Yello!Umaze kugura 1,000FRW(2200MB) igura 1,000 RWF
2025-06-11 14:24:58,504 INFO: UNPROCESSED: 0|M-Money|1723144766344 | Yello!Umaze kugura 1,000FRW(2200MB) igura 1,000 RWF
2025-06-11 14:24:58,504 INFO: UNPROCESSED: 0|M-Money|1724487828516 | 1) 2024-08-23 DEPOSIT RWF 25000 Receiver: 250795963036 Sender:  Fee: RWF
2025-06-11 14:24:58,504 INFO: UNPROCESSED: 0|M-Money|1724916642751 | Yello!Umaze kugura 5,000FRW(7GB) igura 5,000 RWF
2025-06-11 14:24:58,505 INFO: UNPROCESSED: 0|M-Money|1725633486748 | *164*S*Y'ello,A transaction of 5000 RWF by Data Bundle MTN on your MOMO account was successfully completed at 2024-09-06 16:37:52. Message from debit receiver: . Your new balance:890 RWF. Fee was 0 RWF. Financial Transaction Id: 15606505500. External Transaction Id: 17256333763041376.*EN#
2025-06-11 14:24:58,505 INFO: UNPROCESSED: 0|M-Money|1725750769763 | *164*S*Y'ello,A transaction of 20000 RWF by INTOUCH COMMUNICATIONS  LTD on your MOMO account was successfully completed at 2024-09-08 01:12:33. Message from debit receiver: 250795963036. Your new balance:103260 RWF. Fee was 0 RWF. Financial Transaction Id: 15628862865. External Transaction Id: 188160120240907231214390890.*EN#
2025-06-11 14:24:58,505 INFO: UNPROCESSED: 0|M-Money|1726062245327 | Yello!Umaze kugura 3000Frw=2500Mins+100SMS igura 3,000 RWF
2025-06-11 14:24:58,506 INFO: UNPROCESSED: 0|M-Money|1726433952387 | *164*S*Y'ello,A transaction of 10500 RWF by ESICIA LTD KPAY on your MOMO account was successfully completed at 2024-09-15 22:59:03. Message from debit receiver: 1727901172643392758074144. Your new balance:24750 RWF. Fee was 0 RWF. Financial Transaction Id: 15747282067. External Transaction Id: E42267291KPY1726433927.*EN#
2025-06-11 14:24:58,506 INFO: UNPROCESSED: 0|M-Money|1726661840309 | Yello!Umaze kugura 5,000FRW(7GB) igura 5,000 RWF
2025-06-11 14:24:58,506 INFO: UNPROCESSED: 0|M-Money|1726926549905 | *143*R*Y'ello, the transaction with amount 14200 RWF for ESICIA LTD with message: 1734874172692585358074144 failed at 2024-09-21 15:49:01 .Please Contact MobileMoney HelpLine for Assistance.Thank you for using MTN MobileMoney.*EN#
2025-06-11 14:24:58,506 INFO: UNPROCESSED: 0|M-Money|1727195880498 | *164*S*Y'ello,A transaction of 200 RWF by INFORMATION TECHNOLOGY  ENGINEERING CONSTRUCTION   ITEC Ltd on your MOMO account was successfully completed at 2024-09-24 18:37:52. Message from debit receiver: ITEC Pay. Your new balance:1180 RWF. Fee was 0 RWF. Financial Transaction Id: 15874896437. External Transaction Id: 68d6367d-f56d-4436-a31f-6f59aeb70ef3.*EN#
2025-06-11 14:24:58,507 INFO: UNPROCESSED: 0|M-Money|1727522179212 | *164*S*Y'ello,A transaction of 5000 RWF by Data Bundle MTN on your MOMO account was successfully completed at 2024-09-28 13:16:02. Message from debit receiver: . Your new balance:11310 RWF. Fee was 0 RWF. Financial Transaction Id: 15930732191. External Transaction Id: 17275220792115073.*EN#
2025-06-11 14:24:58,507 INFO: UNPROCESSED: 0|M-Money|1727557018776 | *164*S*Y'ello,A transaction of 13000 RWF by ESICIA LTD KPAY on your MOMO account was successfully completed at 2024-09-28 22:56:50. Message from debit receiver: 1745596172755699358074193. Your new balance:43210 RWF. Fee was 0 RWF. Financial Transaction Id: 15940915096. External Transaction Id: E42831629KPY1727556993.*EN#
2025-06-11 14:24:58,507 INFO: UNPROCESSED: 0|M-Money|1727970570265 | *164*S*Y'ello,A transaction of 25000 RWF by IREMBO Ltd on your MOMO account was successfully completed at 2024-10-03 17:49:18. Message from debit receiver: 881003055321. Your new balance:4012 RWF. Fee was 0 RWF. Financial Transaction Id: 16030998575. External Transaction Id: 881003055321.*EN#
2025-06-11 14:24:58,507 INFO: UNPROCESSED: 0|M-Money|1728023303874 | *164*S*Y'ello,A transaction of 5000 RWF by Data Bundle MTN on your MOMO account was successfully completed at 2024-10-04 08:27:12. Message from debit receiver: . Your new balance:3512 RWF. Fee was 0 RWF. Financial Transaction Id: 16040688508. External Transaction Id: 17280230723010910.*EN#
2025-06-11 14:24:58,508 INFO: UNPROCESSED: 0|M-Money|1728304629128 | *143*S*Your transaction to Mediatrice UWAYISENGA (250788658286) with 3000 RWF has been reversed at 2024-10-07 14:37:00. Your new balance is 10312 RWF. .Thank you for using MTN MobileMoney.*EN#
2025-06-11 14:24:58,508 INFO: UNPROCESSED: 0|M-Money|1728648069986 | *143*R*Y'ello, the transaction with amount 11600 RWF for ESICIA LTD with message: 1763055172864732058074359 failed at 2024-10-11 14:00:00 .Please Contact MobileMoney HelpLine for Assistance.Thank you for using MTN MobileMoney.*EN#
2025-06-11 14:24:58,508 INFO: UNPROCESSED: 0|M-Money|1728648343244 | *164*S*Y'ello,A transaction of 11600 RWF by ESICIA LTD on your MOMO account was successfully completed at 2024-10-11 14:03:20. Message from debit receiver: 1763055172864803458074359RETRY. Your new balance:69655 RWF. Fee was 0 RWF. Financial Transaction Id: 16178728333. External Transaction Id: E43388184PYR1728648034.*EN#
2025-06-11 14:24:58,508 INFO: UNPROCESSED: 0|M-Money|1728657563043 | *164*S*Y'ello,A transaction of 5000 RWF by Data Bundle MTN on your MOMO account was successfully completed at 2024-10-11 16:39:11. Message from debit receiver: . Your new balance:24655 RWF. Fee was 0 RWF. Financial Transaction Id: 16181431637. External Transaction Id: 17286575112418450.*EN#
2025-06-11 14:24:58,508 INFO: UNPROCESSED: 0|M-Money|1728805075742 | Yello!Umaze kugura 3000Frw=2500Mins+100SMS igura 3,000 RWF
2025-06-11 14:24:58,508 INFO: UNPROCESSED: 0|M-Money|1729068519918 | *164*S*Y'ello,A transaction of 5000 RWF by Data Bundle MTN on your MOMO account was successfully completed at 2024-10-16 10:48:32. Message from debit receiver: . Your new balance:128151 RWF. Fee was 0 RWF. Financial Transaction Id: 16269196928. External Transaction Id: 17290684883032395.*EN#
2025-06-11 14:24:58,508 INFO: UNPROCESSED: 0|M-Money|1729331437146 | *164*S*Y'ello,A transaction of 5000 RWF by IREMBO Ltd on your MOMO account was successfully completed at 2024-10-19 11:50:25. Message from debit receiver: 881019247301. Your new balance:10750 RWF. Fee was 0 RWF. Financial Transaction Id: 16327063889. External Transaction Id: 881019247301.*EN#
2025-06-11 14:24:58,508 INFO: UNPROCESSED: 0|M-Money|1729451333898 | *164*S*Y'ello,A transaction of 10000 RWF by Data Bundle MTN on your MOMO account was successfully completed at 2024-10-20 21:07:16. Message from debit receiver: . Your new balance:122472 RWF. Fee was 0 RWF. Financial Transaction Id: 16356106165. External Transaction Id: 17294511812484189.*EN#
2025-06-11 14:24:58,508 INFO: UNPROCESSED: 0|M-Money|1729670347886 | You have transferred 50000 RWF to Linda Green (250795963036) from your mobile money account 20077201001 imbank.bank at 2024-10-23 09:59:01. Your new balance:  . Message from sender: . Message to receiver: . Financial Transaction Id: 16400028923.
2025-06-11 14:24:58,508 INFO: UNPROCESSED: 0|M-Money|1729694591532 | You have transferred 50000 RWF to Robert Brown (250795963036) from your mobile money account 20077201001 imbank.bank at 2024-10-23 16:43:03. Your new balance:  . Message from sender: . Message to receiver: . Financial Transaction Id: 16406794518.
2025-06-11 14:24:58,509 INFO: UNPROCESSED: 0|M-Money|1729809189644 | You have transferred 20000 RWF to Jane Smith (250795963036) from your mobile money account 20077201001 imbank.bank at 2024-10-25 00:33:00. Your new balance:  . Message from sender: . Message to receiver: . Financial Transaction Id: 16433471329.
2025-06-11 14:24:58,509 INFO: UNPROCESSED: 0|M-Money|1729828087652 | You have transferred 20000 RWF to Samuel Carter (250795963036) from your mobile money account 20077201001 imbank.bank at 2024-10-25 05:48:00. Your new balance:  . Message from sender: . Message to receiver: . Financial Transaction Id: 16434717507.
2025-06-11 14:24:58,509 INFO: UNPROCESSED: 0|M-Money|1729972332568 | You have transferred 50000 RWF to Robert Brown (250795963036) from your mobile money account 20077201001 imbank.bank at 2024-10-26 21:52:01. Your new balance:  . Message from sender: . Message to receiver: . Financial Transaction Id: 16471170286.
2025-06-11 14:24:58,509 INFO: UNPROCESSED: 0|M-Money|1730501271367 | *164*S*Y'ello,A transaction of 10000 RWF by INTOUCH COMMUNICATIONS  LTD on your MOMO account was successfully completed at 2024-11-02 00:47:43. Message from debit receiver: 250795963036. Your new balance:14372 RWF. Fee was 0 RWF. Financial Transaction Id: 16591010120. External Transaction Id: 194832520241101224717179801.*EN#
2025-06-11 14:24:58,509 INFO: UNPROCESSED: 0|M-Money|1730836509907 | You have transferred 10000 RWF to Jane Smith (250795963036) from your mobile money account 20077201001 imbank.bank at 2024-11-05 21:55:02. Your new balance:  . Message from sender: . Message to receiver: . Financial Transaction Id: 16664315282.
2025-06-11 14:24:58,509 INFO: UNPROCESSED: 0|M-Money|1730924863853 | *164*S*Y'ello,A transaction of 5000 RWF by Data Bundle MTN on your MOMO account was successfully completed at 2024-11-06 22:27:32. Message from debit receiver: . Your new balance:41167 RWF. Fee was 0 RWF. Financial Transaction Id: 16684572153. External Transaction Id: 17309248153046681.*EN#
2025-06-11 14:24:58,510 INFO: UNPROCESSED: 0|M-Money|1731448688871 | *143*R*Y'ello, the transaction with amount 5000 RWF for Data Bundle MTN with message:  failed at 2024-11-12 23:58:00 .Please Contact MobileMoney HelpLine for Assistance.Thank you for using MTN MobileMoney.*EN#
2025-06-11 14:24:58,510 INFO: UNPROCESSED: 0|M-Money|1731496436570 | *164*S*Y'ello,A transaction of 5000 RWF by Data Bundle MTN on your MOMO account was successfully completed at 2024-11-13 13:13:44. Message from debit receiver: . Your new balance:7022 RWF. Fee was 0 RWF. Financial Transaction Id: 16811450681. External Transaction Id: 17314963852425107.*EN#
2025-06-11 14:24:58,510 INFO: UNPROCESSED: 0|M-Money|1731501931319 | Yello!Umaze kugura 2000Frw=1000Mins+50SMS igura 2,000 RWF
2025-06-11 14:24:58,510 INFO: UNPROCESSED: 0|M-Money|1731755706739 | *164*S*Y'ello,A transaction of 10000 RWF by Data Bundle MTN on your MOMO account was successfully completed at 2024-11-16 13:14:55. Message from debit receiver: . Your new balance:10202 RWF. Fee was 0 RWF. Financial Transaction Id: 16870426837. External Transaction Id: 17317556402493740.*EN#
2025-06-11 14:24:58,510 INFO: UNPROCESSED: 0|M-Money|1732361032157 | You Abebe Chala CHEBUDIE (*********036) have via agent: Agent Sophia (250788999999), withdrawn 50000 RWF from your mobile money account: 36521838 at 2024-11-23 13:23:44 and you can now collect your money in cash. Your new balance: 2401 RWF. Fee paid: 1100 RWF. Message from agent: 1. Financial Transaction Id: 17006777609.
2025-06-11 14:24:58,511 INFO: UNPROCESSED: 0|M-Money|1732363784723 | You Abebe Chala CHEBUDIE (*********036) have via agent: Agent John (250788999999), withdrawn 24000 RWF from your mobile money account: 36521838 at 2024-11-23 14:09:27 and you can now collect your money in cash. Your new balance: 61892 RWF. Fee paid: 600 RWF. Message from agent: 1. Financial Transaction Id: 17007580507.
2025-06-11 14:24:58,511 INFO: UNPROCESSED: 0|M-Money|1732963789903 | *164*S*Y'ello,A transaction of 5000 RWF by Data Bundle MTN on your MOMO account was successfully completed at 2024-11-30 12:48:40. Message from debit receiver: . Your new balance:12012 RWF. Fee was 0 RWF. Financial Transaction Id: 17146971568. External Transaction Id: 17329636532769188.*EN#
2025-06-11 14:24:58,511 INFO: UNPROCESSED: 0|M-Money|1732970352327 | *164*S*Y'ello,A transaction of 200 RWF by INFORMATION TECHNOLOGY  ENGINEERING CONSTRUCTION   ITEC Ltd on your MOMO account was successfully completed at 2024-11-30 14:39:06. Message from debit receiver: ITEC Pay. Your new balance:79492 RWF. Fee was 0 RWF. Financial Transaction Id: 17149096701. External Transaction Id: 65c28253-1297-4c0d-b38b-8edec42fa2e2.*EN#
2025-06-11 14:24:58,511 INFO: UNPROCESSED: 0|M-Money|1733149361777 | *164*S*Y'ello,A transaction of 300 RWF by INFORMATION TECHNOLOGY  ENGINEERING CONSTRUCTION   ITEC Ltd on your MOMO account was successfully completed at 2024-12-02 16:22:35. Message from debit receiver: ITEC Pay. Your new balance:122044 RWF. Fee was 0 RWF. Financial Transaction Id: 17192081844. External Transaction Id: 96218fc3-5668-401b-bf53-4fd66a9e276f.*EN#
2025-06-11 14:24:58,511 INFO: UNPROCESSED: 0|M-Money|1733155955249 | *164*S*Y'ello,A transaction of 10000 RWF by Data Bundle MTN on your MOMO account was successfully completed at 2024-12-02 18:12:28. Message from debit receiver: . Your new balance:103944 RWF. Fee was 0 RWF. Financial Transaction Id: 17194680435. External Transaction Id: 17331559272498010.*EN#
2025-06-11 14:24:58,511 INFO: UNPROCESSED: 0|M-Money|1733253445275 | *164*S*Y'ello,A transaction of 400 RWF by INFORMATION TECHNOLOGY  ENGINEERING CONSTRUCTION   ITEC Ltd on your MOMO account was successfully completed at 2024-12-03 21:17:17. Message from debit receiver: ITEC Pay. Your new balance:20524 RWF. Fee was 0 RWF. Financial Transaction Id: 17219848993. External Transaction Id: 6ed516b1-6031-4395-9072-b895b96561e7.*EN#
2025-06-11 14:24:58,511 INFO: UNPROCESSED: 0|M-Money|1733329043955 | *164*S*Y'ello,A transaction of 300 RWF by INFORMATION TECHNOLOGY  ENGINEERING CONSTRUCTION   ITEC Ltd on your MOMO account was successfully completed at 2024-12-04 18:17:17. Message from debit receiver: ITEC Pay. Your new balance:15124 RWF. Fee was 0 RWF. Financial Transaction Id: 17236283233. External Transaction Id: 2eb6d6d7-83ef-43e8-be2c-79af26d8d3b9.*EN#
2025-06-11 14:24:58,512 INFO: UNPROCESSED: 0|M-Money|1733505772572 | *164*S*Y'ello,A transaction of 900 RWF by INFORMATION TECHNOLOGY  ENGINEERING CONSTRUCTION   ITEC Ltd on your MOMO account was successfully completed at 2024-12-06 19:22:45. Message from debit receiver: ITEC Pay. Your new balance:9124 RWF. Fee was 0 RWF. Financial Transaction Id: 17278839589. External Transaction Id: 9838017e-bba5-4d1f-b7a9-e57bc604e41d.*EN#
2025-06-11 14:24:58,512 INFO: UNPROCESSED: 0|M-Money|1734100214722 | Yello!Umaze kugura 3000Frw=2500Mins+100SMS igura 3,000 RWF
2025-06-11 14:24:58,512 INFO: UNPROCESSED: 0|M-Money|1734332490608 | *164*S*Y'ello,A transaction of 10000 RWF by Data Bundle MTN on your MOMO account was successfully completed at 2024-12-16 08:58:31. Message from debit receiver: . Your new balance:10191 RWF. Fee was 0 RWF. Financial Transaction Id: 17469774285. External Transaction Id: 17343322613083864.*EN#
2025-06-11 14:24:58,513 INFO: UNPROCESSED: 0|M-Money|1735365786382 | *164*S*Y'ello,A transaction of 10000 RWF by Data Bundle MTN on your MOMO account was successfully completed at 2024-12-28 08:02:55. Message from debit receiver: . Your new balance:5864 RWF. Fee was 0 RWF. Financial Transaction Id: 17725876735. External Transaction Id: 17353657322483063.*EN#
2025-06-11 14:24:58,513 INFO: UNPROCESSED: 0|M-Money|1736684454936 | *164*S*Y'ello,A transaction of 5000 RWF by Data Bundle MTN on your MOMO account was successfully completed at 2025-01-12 14:20:37. Message from debit receiver: . Your new balance:17873 RWF. Fee was 0 RWF. Financial Transaction Id: 18044804543. External Transaction Id: 17366843252778824.*EN#
2025-06-11 14:24:58,513 INFO: UNPROCESSED: 0|M-Money|1736772187153 | Yello!Umaze kugura 3000Frw=2500Mins+100SMS igura 3,000 RWF
2025-06-11 14:24:58,513 INFO: UNPROCESSED: 0|M-Money|1736868583669 | *164*S*Y'ello,A transaction of 10000 RWF by Data Bundle MTN on your MOMO account was successfully completed at 2025-01-14 17:29:36. Message from debit receiver: . Your new balance:88000 RWF. Fee was 0 RWF. Financial Transaction Id: 18087757600. External Transaction Id: 17368685383021954.*EN#
2025-06-11 14:27:31,060 INFO: UNPROCESSED: 0|M-Money|1715713269609 | *164*S*Y'ello,A transaction of 25000 RWF by DIRECT PAYMENT LTD  on your MOMO account was successfully completed at 2024-05-14 21:01:00. Message from debit receiver: . Your new balance:4060 RWF. Fee was 0 RWF. Financial Transaction Id: 13947831685. External Transaction Id: 47842929.*EN#
2025-06-11 14:27:31,060 INFO: UNPROCESSED: 0|M-Money|1716682234219 | You Abebe Chala CHEBUDIE (*********036) have via agent: Agent Sophia (250790777777), withdrawn 20000 RWF from your mobile money account: 36521838 at 2024-05-26 02:10:27 and you can now collect your money in cash. Your new balance: 6400 RWF. Fee paid: 350 RWF. Message from agent: 1. Financial Transaction Id: 14098463509.
2025-06-11 14:27:31,061 INFO: UNPROCESSED: 0|M-Money|1717683548224 | *164*S*Y'ello,A transaction of 600 RWF by INFORMATION TECHNOLOGY  ENGINEERING CONSTRUCTION   ITEC Ltd on your MOMO account was successfully completed at 2024-06-06 16:19:01. Message from debit receiver: ITEC Pay. Your new balance:230 RWF. Fee was 0 RWF. Financial Transaction Id: 14262449979. External Transaction Id: c5e8bfeb-33d8-4eb2-8d22-154e5ff5e310.*EN#
2025-06-11 14:27:31,061 INFO: UNPROCESSED: 0|M-Money|1718079978824 | Yello!Umaze kugura 2000Rwf(1GB)/30days igura 2,000 RWF
2025-06-11 14:27:31,061 INFO: UNPROCESSED: 0|M-Money|1718344336236 | *164*S*Y'ello,A transaction of 25000 RWF by DIRECT PAYMENT LTD  on your MOMO account was successfully completed at 2024-06-14 07:52:10. Message from debit receiver: . Your new balance:4750 RWF. Fee was 0 RWF. Financial Transaction Id: 14366722236. External Transaction Id: 48214394.*EN#
2025-06-11 14:27:31,062 INFO: UNPROCESSED: 0|M-Money|1718479745961 | *164*S*Y'ello,A transaction of 8000 RWF by ESICIA LTD KPAY on your MOMO account was successfully completed at 2024-06-15 21:28:58. Message from debit receiver: 1599236171847972758074646. Your new balance:4110 RWF. Fee was 0 RWF. Financial Transaction Id: 14392932831. External Transaction Id: E39762254KPY1718479727.*EN#
2025-06-11 14:27:31,062 INFO: UNPROCESSED: 0|M-Money|1718558767426 | *164*S*Y'ello,A transaction of 5000 RWF by Future Dynamic  Innovations ltd on your MOMO account was successfully completed at 2024-06-16 19:25:44. Message from debit receiver: 610. Your new balance:9350 RWF. Fee was 0 RWF. Financial Transaction Id: 14404189056. External Transaction Id: 475e95b8a1d049c2ba9ee675401d9332.*EN#
2025-06-11 14:27:31,062 INFO: UNPROCESSED: 0|M-Money|1718813759574 | Yello!Umaze kugura 2,000FRW(2GB) igura 2,000 RWF
2025-06-11 14:27:31,062 INFO: UNPROCESSED: 0|M-Money|1719590451961 | Yello!Umaze kugura 2,000FRW(2GB) igura 2,000 RWF
2025-06-11 14:27:31,063 INFO: UNPROCESSED: 0|M-Money|1719613945350 | *164*S*Y'ello,A transaction of 20000 RWF by INTOUCH COMMUNICATIONS  LTD on your MOMO account was successfully completed at 2024-06-29 00:32:19. Message from debit receiver: 250795963036. Your new balance:21670 RWF. Fee was 0 RWF. Financial Transaction Id: 14574631016. External Transaction Id: 169587820240628223202678996.*EN#
2025-06-11 14:27:31,063 INFO: UNPROCESSED: 0|M-Money|1719670020757 | *164*S*Y'ello,A transaction of 20000 RWF by INTOUCH COMMUNICATIONS  LTD on your MOMO account was successfully completed at 2024-06-29 16:06:06. Message from debit receiver: 250795963036. Your new balance:45870 RWF. Fee was 0 RWF. Financial Transaction Id: 14582579702. External Transaction Id: 169710420240629140334182447.*EN#
2025-06-11 14:27:31,063 INFO: UNPROCESSED: 0|M-Money|1720094585182 | Yello!Umaze kugura 500FRW(800MB) igura 500 RWF
2025-06-11 14:27:31,063 INFO: UNPROCESSED: 0|M-Money|1720682760225 | Yello!Umaze kugura 500FRW(800MB) igura 500 RWF
2025-06-11 14:27:31,063 INFO: UNPROCESSED: 0|M-Money|1720963165956 | *164*S*Y'ello,A transaction of 2000 RWF by Data Bundle MTN on your MOMO account was successfully completed at 2024-07-14 15:19:17. Message from debit receiver: . Your new balance:27570 RWF. Fee was 0 RWF. Financial Transaction Id: 14807754878. External Transaction Id: 17209629782498301.*EN#
2025-06-11 14:27:31,064 INFO: UNPROCESSED: 0|M-Money|1721503452398 | A reversal has been initiated for your transaction to Mediatrice UWAYISENGA (250788658286) with 3000 RWF.
2025-06-11 14:27:31,064 INFO: UNPROCESSED: 0|M-Money|1721578773820 | Yello!Umaze kugura 200Rwf(50MB) igura 200 RWF
2025-06-11 14:27:31,064 INFO: UNPROCESSED: 0|M-Money|1721762541773 | Yello!Umaze kugura 500FRW(800MB) igura 500 RWF
2025-06-11 14:27:31,064 INFO: UNPROCESSED: 0|M-Money|1721945444405 | Yello!Umaze kugura 2000Rwf(1.5GB) igura 2,000 RWF
2025-06-11 14:27:31,064 INFO: UNPROCESSED: 0|M-Money|1722511434843 | Yello!Umaze kugura 3000Frw=2500Mins+100SMS igura 3,000 RWF
2025-06-11 14:27:31,064 INFO: UNPROCESSED: 0|M-Money|1722531800596 | Yello!Umaze kugura 500FRW(800MB) igura 500 RWF
2025-06-11 14:27:31,065 INFO: UNPROCESSED: 0|M-Money|1722696140291 | Yello!Umaze kugura 1000Rwf(1GB) igura 1,000 RWF
2025-06-11 14:27:31,065 INFO: UNPROCESSED: 0|M-Money|1722870933106 | Yello!Umaze kugura 200Rwf(50MB) igura 200 RWF
2025-06-11 14:27:31,065 INFO: UNPROCESSED: 0|M-Money|1722968535543 | Yello!Umaze kugura 1,000FRW(2200MB) igura 1,000 RWF
2025-06-11 14:27:31,065 INFO: UNPROCESSED: 0|M-Money|1723144766344 | Yello!Umaze kugura 1,000FRW(2200MB) igura 1,000 RWF
2025-06-11 14:27:31,065 INFO: UNPROCESSED: 0|M-Money|1724487828516 | 1) 2024-08-23 DEPOSIT RWF 25000 Receiver: 250795963036 Sender:  Fee: RWF
2025-06-11 14:27:31,065 INFO: UNPROCESSED: 0|M-Money|1724916642751 | Yello!Umaze kugura 5,000FRW(7GB) igura 5,000 RWF
2025-06-11 14:27:31,066 INFO: UNPROCESSED: 0|M-Money|1725633486748 | *164*S*Y'ello,A transaction of 5000 RWF by Data Bundle MTN on your MOMO account was successfully completed at 2024-09-06 16:37:52. Message from debit receiver: . Your new balance:890 RWF. Fee was 0 RWF. Financial Transaction Id: 15606505500. External Transaction Id: 17256333763041376.*EN#
2025-06-11 14:27:31,066 INFO: UNPROCESSED: 0|M-Money|1725750769763 | *164*S*Y'ello,A transaction of 20000 RWF by INTOUCH COMMUNICATIONS  LTD on your MOMO account was successfully completed at 2024-09-08 01:12:33. Message from debit receiver: 250795963036. Your new balance:103260 RWF. Fee was 0 RWF. Financial Transaction Id: 15628862865. External Transaction Id: 188160120240907231214390890.*EN#
2025-06-11 14:27:31,066 INFO: UNPROCESSED: 0|M-Money|1726062245327 | Yello!Umaze kugura 3000Frw=2500Mins+100SMS igura 3,000 RWF
2025-06-11 14:27:31,066 INFO: UNPROCESSED: 0|M-Money|1726433952387 | *164*S*Y'ello,A transaction of 10500 RWF by ESICIA LTD KPAY on your MOMO account was successfully completed at 2024-09-15 22:59:03. Message from debit receiver: 1727901172643392758074144. Your new balance:24750 RWF. Fee was 0 RWF. Financial Transaction Id: 15747282067. External Transaction Id: E42267291KPY1726433927.*EN#
2025-06-11 14:27:31,066 INFO: UNPROCESSED: 0|M-Money|1726661840309 | Yello!Umaze kugura 5,000FRW(7GB) igura 5,000 RWF
2025-06-11 14:27:31,067 INFO: UNPROCESSED: 0|M-Money|1726926549905 | *143*R*Y'ello, the transaction with amount 14200 RWF for ESICIA LTD with message: 1734874172692585358074144 failed at 2024-09-21 15:49:01 .Please Contact MobileMoney HelpLine for Assistance.Thank you for using MTN MobileMoney.*EN#
2025-06-11 14:27:31,067 INFO: UNPROCESSED: 0|M-Money|1727195880498 | *164*S*Y'ello,A transaction of 200 RWF by INFORMATION TECHNOLOGY  ENGINEERING CONSTRUCTION   ITEC Ltd on your MOMO account was successfully completed at 2024-09-24 18:37:52. Message from debit receiver: ITEC Pay. Your new balance:1180 RWF. Fee was 0 RWF. Financial Transaction Id: 15874896437. External Transaction Id: 68d6367d-f56d-4436-a31f-6f59aeb70ef3.*EN#
2025-06-11 14:27:31,067 INFO: UNPROCESSED: 0|M-Money|1727522179212 | *164*S*Y'ello,A transaction of 5000 RWF by Data Bundle MTN on your MOMO account was successfully completed at 2024-09-28 13:16:02. Message from debit receiver: . Your new balance:11310 RWF. Fee was 0 RWF. Financial Transaction Id: 15930732191. External Transaction Id: 17275220792115073.*EN#
2025-06-11 14:27:31,067 INFO: UNPROCESSED: 0|M-Money|1727557018776 | *164*S*Y'ello,A transaction of 13000 RWF by ESICIA LTD KPAY on your MOMO account was successfully completed at 2024-09-28 22:56:50. Message from debit receiver: 1745596172755699358074193. Your new balance:43210 RWF. Fee was 0 RWF. Financial Transaction Id: 15940915096. External Transaction Id: E42831629KPY1727556993.*EN#
2025-06-11 14:27:31,068 INFO: UNPROCESSED: 0|M-Money|1727970570265 | *164*S*Y'ello,A transaction of 25000 RWF by IREMBO Ltd on your MOMO account was successfully completed at 2024-10-03 17:49:18. Message from debit receiver: 881003055321. Your new balance:4012 RWF. Fee was 0 RWF. Financial Transaction Id: 16030998575. External Transaction Id: 881003055321.*EN#
2025-06-11 14:27:31,068 INFO: UNPROCESSED: 0|M-Money|1728023303874 | *164*S*Y'ello,A transaction of 5000 RWF by Data Bundle MTN on your MOMO account was successfully completed at 2024-10-04 08:27:12. Message from debit receiver: . Your new balance:3512 RWF. Fee was 0 RWF. Financial Transaction Id: 16040688508. External Transaction Id: 17280230723010910.*EN#
2025-06-11 14:27:31,068 INFO: UNPROCESSED: 0|M-Money|1728304629128 | *143*S*Your transaction to Mediatrice UWAYISENGA (250788658286) with 3000 RWF has been reversed at 2024-10-07 14:37:00. Your new balance is 10312 RWF. .Thank you for using MTN MobileMoney.*EN#
2025-06-11 14:27:31,069 INFO: UNPROCESSED: 0|M-Money|1728648069986 | *143*R*Y'ello, the transaction with amount 11600 RWF for ESICIA LTD with message: 1763055172864732058074359 failed at 2024-10-11 14:00:00 .Please Contact MobileMoney HelpLine for Assistance.Thank you for using MTN MobileMoney.*EN#
2025-06-11 14:27:31,069 INFO: UNPROCESSED: 0|M-Money|1728648343244 | *164*S*Y'ello,A transaction of 11600 RWF by ESICIA LTD on your MOMO account was successfully completed at 2024-10-11 14:03:20. Message from debit receiver: 1763055172864803458074359RETRY. Your new balance:69655 RWF. Fee was 0 RWF. Financial Transaction Id: 16178728333. External Transaction Id: E43388184PYR1728648034.*EN#
2025-06-11 14:27:31,069 INFO: UNPROCESSED: 0|M-Money|1728657563043 | *164*S*Y'ello,A transaction of 5000 RWF by Data Bundle MTN on your MOMO account was successfully completed at 2024-10-11 16:39:11. Message from debit receiver: . Your new balance:24655 RWF. Fee was 0 RWF. Financial Transaction Id: 16181431637. External Transaction Id: 17286575112418450.*EN#
2025-06-11 14:27:31,069 INFO: UNPROCESSED: 0|M-Money|1728805075742 | Yello!Umaze kugura 3000Frw=2500Mins+100SMS igura 3,000 RWF
2025-06-11 14:27:31,069 INFO: UNPROCESSED: 0|M-Money|1729068519918 | *164*S*Y'ello,A transaction of 5000 RWF by Data Bundle MTN on your MOMO account was successfully completed at 2024-10-16 10:48:32. Message from debit receiver: . Your new balance:128151 RWF. Fee was 0 RWF. Financial Transaction Id: 16269196928. External Transaction Id: 17290684883032395.*EN#
2025-06-11 14:27:31,069 INFO: UNPROCESSED: 0|M-Money|1729331437146 | *164*S*Y'ello,A transaction of 5000 RWF by IREMBO Ltd on your MOMO account was successfully completed at 2024-10-19 11:50:25. Message from debit receiver: 881019247301. Your new balance:10750 RWF. Fee was 0 RWF. Financial Transaction Id: 16327063889. External Transaction Id: 881019247301.*EN#
2025-06-11 14:27:31,069 INFO: UNPROCESSED: 0|M-Money|1729451333898 | *164*S*Y'ello,A transaction of 10000 RWF by Data Bundle MTN on your MOMO account was successfully completed at 2024-10-20 21:07:16. Message from debit receiver: . Your new balance:122472 RWF. Fee was 0 RWF. Financial Transaction Id: 16356106165. External Transaction Id: 17294511812484189.*EN#
2025-06-11 14:27:31,070 INFO: UNPROCESSED: 0|M-Money|1729670347886 | You have transferred 50000 RWF to Linda Green (250795963036) from your mobile money account 20077201001 imbank.bank at 2024-10-23 09:59:01. Your new balance:  . Message from sender: . Message to receiver: . Financial Transaction Id: 16400028923.
2025-06-11 14:27:31,070 INFO: UNPROCESSED: 0|M-Money|1729694591532 | You have transferred 50000 RWF to Robert Brown (250795963036) from your mobile money account 20077201001 imbank.bank at 2024-10-23 16:43:03. Your new balance:  . Message from sender: . Message to receiver: . Financial Transaction Id: 16406794518.
2025-06-11 14:27:31,070 INFO: UNPROCESSED: 0|M-Money|1729809189644 | You have transferred 20000 RWF to Jane Smith (250795963036) from your mobile money account 20077201001 imbank.bank at 2024-10-25 00:33:00. Your new balance:  . Message from sender: . Message to receiver: . Financial Transaction Id: 16433471329.
2025-06-11 14:27:31,070 INFO: UNPROCESSED: 0|M-Money|1729828087652 | You have transferred 20000 RWF to Samuel Carter (250795963036) from your mobile money account 20077201001 imbank.bank at 2024-10-25 05:48:00. Your new balance:  . Message from sender: . Message to receiver: . Financial Transaction Id: 16434717507.
2025-06-11 14:27:31,070 INFO: UNPROCESSED: 0|M-Money|1729972332568 | You have transferred 50000 RWF to Robert Brown (250795963036) from your mobile money account 20077201001 imbank.bank at 2024-10-26 21:52:01. Your new balance:  . Message from sender: . Message to receiver: . Financial Transaction Id: 16471170286.
2025-06-11 14:27:31,071 INFO: UNPROCESSED: 0|M-Money|1730501271367 | *164*S*Y'ello,A transaction of 10000 RWF by INTOUCH COMMUNICATIONS  LTD on your MOMO account was successfully completed at 2024-11-02 00:47:43. Message from debit receiver: 250795963036. Your new balance:14372 RWF. Fee was 0 RWF. Financial Transaction Id: 16591010120. External Transaction Id: 194832520241101224717179801.*EN#
2025-06-11 14:27:31,071 INFO: UNPROCESSED: 0|M-Money|1730836509907 | You have transferred 10000 RWF to Jane Smith (250795963036) from your mobile money account 20077201001 imbank.bank at 2024-11-05 21:55:02. Your new balance:  . Message from sender: . Message to receiver: . Financial Transaction Id: 16664315282.
2025-06-11 14:27:31,071 INFO: UNPROCESSED: 0|M-Money|1730924863853 | *164*S*Y'ello,A transaction of 5000 RWF by Data Bundle MTN on your MOMO account was successfully completed at 2024-11-06 22:27:32. Message from debit receiver: . Your new balance:41167 RWF. Fee was 0 RWF. Financial Transaction Id: 16684572153. External Transaction Id: 17309248153046681.*EN#
2025-06-11 14:27:31,072 INFO: UNPROCESSED: 0|M-Money|1731448688871 | *143*R*Y'ello, the transaction with amount 5000 RWF for Data Bundle MTN with message:  failed at 2024-11-12 23:58:00 .Please Contact MobileMoney HelpLine for Assistance.Thank you for using MTN MobileMoney.*EN#
2025-06-11 14:27:31,072 INFO: UNPROCESSED: 0|M-Money|1731496436570 | *164*S*Y'ello,A transaction of 5000 RWF by Data Bundle MTN on your MOMO account was successfully completed at 2024-11-13 13:13:44. Message from debit receiver: . Your new balance:7022 RWF. Fee was 0 RWF. Financial Transaction Id: 16811450681. External Transaction Id: 17314963852425107.*EN#
2025-06-11 14:27:31,072 INFO: UNPROCESSED: 0|M-Money|1731501931319 | Yello!Umaze kugura 2000Frw=1000Mins+50SMS igura 2,000 RWF
2025-06-11 14:27:31,072 INFO: UNPROCESSED: 0|M-Money|1731755706739 | *164*S*Y'ello,A transaction of 10000 RWF by Data Bundle MTN on your MOMO account was successfully completed at 2024-11-16 13:14:55. Message from debit receiver: . Your new balance:10202 RWF. Fee was 0 RWF. Financial Transaction Id: 16870426837. External Transaction Id: 17317556402493740.*EN#
2025-06-11 14:27:31,072 INFO: UNPROCESSED: 0|M-Money|1732361032157 | You Abebe Chala CHEBUDIE (*********036) have via agent: Agent Sophia (250788999999), withdrawn 50000 RWF from your mobile money account: 36521838 at 2024-11-23 13:23:44 and you can now collect your money in cash. Your new balance: 2401 RWF. Fee paid: 1100 RWF. Message from agent: 1. Financial Transaction Id: 17006777609.
2025-06-11 14:27:31,072 INFO: UNPROCESSED: 0|M-Money|1732363784723 | You Abebe Chala CHEBUDIE (*********036) have via agent: Agent John (250788999999), withdrawn 24000 RWF from your mobile money account: 36521838 at 2024-11-23 14:09:27 and you can now collect your money in cash. Your new balance: 61892 RWF. Fee paid: 600 RWF. Message from agent: 1. Financial Transaction Id: 17007580507.
2025-06-11 14:27:31,073 INFO: UNPROCESSED: 0|M-Money|1732963789903 | *164*S*Y'ello,A transaction of 5000 RWF by Data Bundle MTN on your MOMO account was successfully completed at 2024-11-30 12:48:40. Message from debit receiver: . Your new balance:12012 RWF. Fee was 0 RWF. Financial Transaction Id: 17146971568. External Transaction Id: 17329636532769188.*EN#
2025-06-11 14:27:31,073 INFO: UNPROCESSED: 0|M-Money|1732970352327 | *164*S*Y'ello,A transaction of 200 RWF by INFORMATION TECHNOLOGY  ENGINEERING CONSTRUCTION   ITEC Ltd on your MOMO account was successfully completed at 2024-11-30 14:39:06. Message from debit receiver: ITEC Pay. Your new balance:79492 RWF. Fee was 0 RWF. Financial Transaction Id: 17149096701. External Transaction Id: 65c28253-1297-4c0d-b38b-8edec42fa2e2.*EN#
2025-06-11 14:27:31,073 INFO: UNPROCESSED: 0|M-Money|1733149361777 | *164*S*Y'ello,A transaction of 300 RWF by INFORMATION TECHNOLOGY  ENGINEERING CONSTRUCTION   ITEC Ltd on your MOMO account was successfully completed at 2024-12-02 16:22:35. Message from debit receiver: ITEC Pay. Your new balance:122044 RWF. Fee was 0 RWF. Financial Transaction Id: 17192081844. External Transaction Id: 96218fc3-5668-401b-bf53-4fd66a9e276f.*EN#
2025-06-11 14:27:31,073 INFO: UNPROCESSED: 0|M-Money|1733155955249 | *164*S*Y'ello,A transaction of 10000 RWF by Data Bundle MTN on your MOMO account was successfully completed at 2024-12-02 18:12:28. Message from debit receiver: . Your new balance:103944 RWF. Fee was 0 RWF. Financial Transaction Id: 17194680435. External Transaction Id: 17331559272498010.*EN#
2025-06-11 14:27:31,073 INFO: UNPROCESSED: 0|M-Money|1733253445275 | *164*S*Y'ello,A transaction of 400 RWF by INFORMATION TECHNOLOGY  ENGINEERING CONSTRUCTION   ITEC Ltd on your MOMO account was successfully completed at 2024-12-03 21:17:17. Message from debit receiver: ITEC Pay. Your new balance:20524 RWF. Fee was 0 RWF. Financial Transaction Id: 17219848993. External Transaction Id: 6ed516b1-6031-4395-9072-b895b96561e7.*EN#
2025-06-11 14:27:31,073 INFO: UNPROCESSED: 0|M-Money|1733329043955 | *164*S*Y'ello,A transaction of 300 RWF by INFORMATION TECHNOLOGY  ENGINEERING CONSTRUCTION   ITEC Ltd on your MOMO account was successfully completed at 2024-12-04 18:17:17. Message from debit receiver: ITEC Pay. Your new balance:15124 RWF. Fee was 0 RWF. Financial Transaction Id: 17236283233. External Transaction Id: 2eb6d6d7-83ef-43e8-be2c-79af26d8d3b9.*EN#
2025-06-11 14:27:31,073 INFO: UNPROCESSED: 0|M-Money|1733505772572 | *164*S*Y'ello,A transaction of 900 RWF by INFORMATION TECHNOLOGY  ENGINEERING CONSTRUCTION   ITEC Ltd on your MOMO account was successfully completed at 2024-12-06 19:22:45. Message from debit receiver: ITEC Pay. Your new balance:9124 RWF. Fee was 0 RWF. Financial Transaction Id: 17278839589. External Transaction Id: 9838017e-bba5-4d1f-b7a9-e57bc604e41d.*EN#
2025-06-11 14:27:31,074 INFO: UNPROCESSED: 0|M-Money|1734100214722 | Yello!Umaze kugura 3000Frw=2500Mins+100SMS igura 3,000 RWF
2025-06-11 14:27:31,074 INFO: UNPROCESSED: 0|M-Money|1734332490608 | *164*S*Y'ello,A transaction of 10000 RWF by Data Bundle MTN on your MOMO account was successfully completed at 2024-12-16 08:58:31. Message from debit receiver: . Your new balance:10191 RWF. Fee was 0 RWF. Financial Transaction Id: 17469774285. External Transaction Id: 17343322613083864.*EN#
2025-06-11 14:27:31,074 INFO: UNPROCESSED: 0|M-Money|1735365786382 | *164*S*Y'ello,A transaction of 10000 RWF by Data Bundle MTN on your MOMO account was successfully completed at 2024-12-28 08:02:55. Message from debit receiver: . Your new balance:5864 RWF. Fee was 0 RWF. Financial Transaction Id: 17725876735. External Transaction Id: 17353657322483063.*EN#
2025-06-11 14:27:31,075 INFO: UNPROCESSED: 0|M-Money|1736684454936 | *164*S*Y'ello,A transaction of 5000 RWF by Data Bundle MTN on your MOMO account was successfully completed at 2025-01-12 14:20:37. Message from debit receiver: . Your new balance:17873 RWF. Fee was 0 RWF. Financial Transaction Id: 18044804543. External Transaction Id: 17366843252778824.*EN#
2025-06-11 14:27:31,075 INFO: UNPROCESSED: 0|M-Money|1736772187153 | Yello!Umaze kugura 3000Frw=2500Mins+100SMS igura 3,000 RWF
2025-06-11 14:27:31,075 INFO: UNPROCESSED: 0|M-Money|1736868583669 | *164*S*Y'ello,A transaction of 10000 RWF by Data Bundle MTN on your MOMO account was successfully completed at 2025-01-14 17:29:36. Message from debit receiver: . Your new balance:88000 RWF. Fee was 0 RWF. Financial Transaction Id: 18087757600. External Transaction Id: 17368685383021954.*EN#
2025-06-11 14:28:06,032 INFO: UNPROCESSED: 0|M-Money|1715713269609 | *164*S*Y'ello,A transaction of 25000 RWF by DIRECT PAYMENT LTD  on your MOMO account was successfully completed at 2024-05-14 21:01:00. Message from debit receiver: . Your new balance:4060 RWF. Fee was 0 RWF. Financial Transaction Id: 13947831685. External Transaction Id: 47842929.*EN#
2025-06-11 14:28:06,033 INFO: UNPROCESSED: 0|M-Money|1716682234219 | You Abebe Chala CHEBUDIE (*********036) have via agent: Agent Sophia (250790777777), withdrawn 20000 RWF from your mobile money account: 36521838 at 2024-05-26 02:10:27 and you can now collect your money in cash. Your new balance: 6400 RWF. Fee paid: 350 RWF. Message from agent: 1. Financial Transaction Id: 14098463509.
2025-06-11 14:28:06,034 INFO: UNPROCESSED: 0|M-Money|1717683548224 | *164*S*Y'ello,A transaction of 600 RWF by INFORMATION TECHNOLOGY  ENGINEERING CONSTRUCTION   ITEC Ltd on your MOMO account was successfully completed at 2024-06-06 16:19:01. Message from debit receiver: ITEC Pay. Your new balance:230 RWF. Fee was 0 RWF. Financial Transaction Id: 14262449979. External Transaction Id: c5e8bfeb-33d8-4eb2-8d22-154e5ff5e310.*EN#
2025-06-11 14:28:06,034 INFO: UNPROCESSED: 0|M-Money|1718079978824 | Yello!Umaze kugura 2000Rwf(1GB)/30days igura 2,000 RWF
2025-06-11 14:28:06,034 INFO: UNPROCESSED: 0|M-Money|1718344336236 | *164*S*Y'ello,A transaction of 25000 RWF by DIRECT PAYMENT LTD  on your MOMO account was successfully completed at 2024-06-14 07:52:10. Message from debit receiver: . Your new balance:4750 RWF. Fee was 0 RWF. Financial Transaction Id: 14366722236. External Transaction Id: 48214394.*EN#
2025-06-11 14:28:06,034 INFO: UNPROCESSED: 0|M-Money|1718479745961 | *164*S*Y'ello,A transaction of 8000 RWF by ESICIA LTD KPAY on your MOMO account was successfully completed at 2024-06-15 21:28:58. Message from debit receiver: 1599236171847972758074646. Your new balance:4110 RWF. Fee was 0 RWF. Financial Transaction Id: 14392932831. External Transaction Id: E39762254KPY1718479727.*EN#
2025-06-11 14:28:06,034 INFO: UNPROCESSED: 0|M-Money|1718558767426 | *164*S*Y'ello,A transaction of 5000 RWF by Future Dynamic  Innovations ltd on your MOMO account was successfully completed at 2024-06-16 19:25:44. Message from debit receiver: 610. Your new balance:9350 RWF. Fee was 0 RWF. Financial Transaction Id: 14404189056. External Transaction Id: 475e95b8a1d049c2ba9ee675401d9332.*EN#
2025-06-11 14:28:06,035 INFO: UNPROCESSED: 0|M-Money|1718813759574 | Yello!Umaze kugura 2,000FRW(2GB) igura 2,000 RWF
2025-06-11 14:28:06,035 INFO: UNPROCESSED: 0|M-Money|1719590451961 | Yello!Umaze kugura 2,000FRW(2GB) igura 2,000 RWF
2025-06-11 14:28:06,035 INFO: UNPROCESSED: 0|M-Money|1719613945350 | *164*S*Y'ello,A transaction of 20000 RWF by INTOUCH COMMUNICATIONS  LTD on your MOMO account was successfully completed at 2024-06-29 00:32:19. Message from debit receiver: 250795963036. Your new balance:21670 RWF. Fee was 0 RWF. Financial Transaction Id: 14574631016. External Transaction Id: 169587820240628223202678996.*EN#
2025-06-11 14:28:06,035 INFO: UNPROCESSED: 0|M-Money|1719670020757 | *164*S*Y'ello,A transaction of 20000 RWF by INTOUCH COMMUNICATIONS  LTD on your MOMO account was successfully completed at 2024-06-29 16:06:06. Message from debit receiver: 250795963036. Your new balance:45870 RWF. Fee was 0 RWF. Financial Transaction Id: 14582579702. External Transaction Id: 169710420240629140334182447.*EN#
2025-06-11 14:28:06,036 INFO: UNPROCESSED: 0|M-Money|1720094585182 | Yello!Umaze kugura 500FRW(800MB) igura 500 RWF
2025-06-11 14:28:06,037 INFO: UNPROCESSED: 0|M-Money|1720682760225 | Yello!Umaze kugura 500FRW(800MB) igura 500 RWF
2025-06-11 14:28:06,037 INFO: UNPROCESSED: 0|M-Money|1720963165956 | *164*S*Y'ello,A transaction of 2000 RWF by Data Bundle MTN on your MOMO account was successfully completed at 2024-07-14 15:19:17. Message from debit receiver: . Your new balance:27570 RWF. Fee was 0 RWF. Financial Transaction Id: 14807754878. External Transaction Id: 17209629782498301.*EN#
2025-06-11 14:28:06,037 INFO: UNPROCESSED: 0|M-Money|1721503452398 | A reversal has been initiated for your transaction to Mediatrice UWAYISENGA (250788658286) with 3000 RWF.
2025-06-11 14:28:06,037 INFO: UNPROCESSED: 0|M-Money|1721578773820 | Yello!Umaze kugura 200Rwf(50MB) igura 200 RWF
2025-06-11 14:28:06,038 INFO: UNPROCESSED: 0|M-Money|1721762541773 | Yello!Umaze kugura 500FRW(800MB) igura 500 RWF
2025-06-11 14:28:06,038 INFO: UNPROCESSED: 0|M-Money|1721945444405 | Yello!Umaze kugura 2000Rwf(1.5GB) igura 2,000 RWF
2025-06-11 14:28:06,038 INFO: UNPROCESSED: 0|M-Money|1722511434843 | Yello!Umaze kugura 3000Frw=2500Mins+100SMS igura 3,000 RWF
2025-06-11 14:28:06,038 INFO: UNPROCESSED: 0|M-Money|1722531800596 | Yello!Umaze kugura 500FRW(800MB) igura 500 RWF
2025-06-11 14:28:06,038 INFO: UNPROCESSED: 0|M-Money|1722696140291 | Yello!Umaze kugura 1000Rwf(1GB) igura 1,000 RWF
2025-06-11 14:28:06,038 INFO: UNPROCESSED: 0|M-Money|1722870933106 | Yello!Umaze kugura 200Rwf(50MB) igura 200 RWF
2025-06-11 14:28:06,038 INFO: UNPROCESSED: 0|M-Money|1722968535543 | Yello!Umaze kugura 1,000FRW(2200MB) igura 1,000 RWF
2025-06-11 14:28:06,039 INFO: UNPROCESSED: 0|M-Money|1723144766344 | Yello!Umaze kugura 1,000FRW(2200MB) igura 1,000 RWF
2025-06-11 14:28:06,039 INFO: UNPROCESSED: 0|M-Money|1724487828516 | 1) 2024-08-23 DEPOSIT RWF 25000 Receiver: 250795963036 Sender:  Fee: RWF
2025-06-11 14:28:06,039 INFO: UNPROCESSED: 0|M-Money|1724916642751 | Yello!Umaze kugura 5,000FRW(7GB) igura 5,000 RWF
2025-06-11 14:28:06,039 INFO: UNPROCESSED: 0|M-Money|1725633486748 | *164*S*Y'ello,A transaction of 5000 RWF by Data Bundle MTN on your MOMO account was successfully completed at 2024-09-06 16:37:52. Message from debit receiver: . Your new balance:890 RWF. Fee was 0 RWF. Financial Transaction Id: 15606505500. External Transaction Id: 17256333763041376.*EN#
2025-06-11 14:28:06,040 INFO: UNPROCESSED: 0|M-Money|1725750769763 | *164*S*Y'ello,A transaction of 20000 RWF by INTOUCH COMMUNICATIONS  LTD on your MOMO account was successfully completed at 2024-09-08 01:12:33. Message from debit receiver: 250795963036. Your new balance:103260 RWF. Fee was 0 RWF. Financial Transaction Id: 15628862865. External Transaction Id: 188160120240907231214390890.*EN#
2025-06-11 14:28:06,040 INFO: UNPROCESSED: 0|M-Money|1726062245327 | Yello!Umaze kugura 3000Frw=2500Mins+100SMS igura 3,000 RWF
2025-06-11 14:28:06,040 INFO: UNPROCESSED: 0|M-Money|1726433952387 | *164*S*Y'ello,A transaction of 10500 RWF by ESICIA LTD KPAY on your MOMO account was successfully completed at 2024-09-15 22:59:03. Message from debit receiver: 1727901172643392758074144. Your new balance:24750 RWF. Fee was 0 RWF. Financial Transaction Id: 15747282067. External Transaction Id: E42267291KPY1726433927.*EN#
2025-06-11 14:28:06,041 INFO: UNPROCESSED: 0|M-Money|1726661840309 | Yello!Umaze kugura 5,000FRW(7GB) igura 5,000 RWF
2025-06-11 14:28:06,041 INFO: UNPROCESSED: 0|M-Money|1726926549905 | *143*R*Y'ello, the transaction with amount 14200 RWF for ESICIA LTD with message: 1734874172692585358074144 failed at 2024-09-21 15:49:01 .Please Contact MobileMoney HelpLine for Assistance.Thank you for using MTN MobileMoney.*EN#
2025-06-11 14:28:06,041 INFO: UNPROCESSED: 0|M-Money|1727195880498 | *164*S*Y'ello,A transaction of 200 RWF by INFORMATION TECHNOLOGY  ENGINEERING CONSTRUCTION   ITEC Ltd on your MOMO account was successfully completed at 2024-09-24 18:37:52. Message from debit receiver: ITEC Pay. Your new balance:1180 RWF. Fee was 0 RWF. Financial Transaction Id: 15874896437. External Transaction Id: 68d6367d-f56d-4436-a31f-6f59aeb70ef3.*EN#
2025-06-11 14:28:06,041 INFO: UNPROCESSED: 0|M-Money|1727522179212 | *164*S*Y'ello,A transaction of 5000 RWF by Data Bundle MTN on your MOMO account was successfully completed at 2024-09-28 13:16:02. Message from debit receiver: . Your new balance:11310 RWF. Fee was 0 RWF. Financial Transaction Id: 15930732191. External Transaction Id: 17275220792115073.*EN#
2025-06-11 14:28:06,041 INFO: UNPROCESSED: 0|M-Money|1727557018776 | *164*S*Y'ello,A transaction of 13000 RWF by ESICIA LTD KPAY on your MOMO account was successfully completed at 2024-09-28 22:56:50. Message from debit receiver: 1745596172755699358074193. Your new balance:43210 RWF. Fee was 0 RWF. Financial Transaction Id: 15940915096. External Transaction Id: E42831629KPY1727556993.*EN#
2025-06-11 14:28:06,042 INFO: UNPROCESSED: 0|M-Money|1727970570265 | *164*S*Y'ello,A transaction of 25000 RWF by IREMBO Ltd on your MOMO account was successfully completed at 2024-10-03 17:49:18. Message from debit receiver: 881003055321. Your new balance:4012 RWF. Fee was 0 RWF. Financial Transaction Id: 16030998575. External Transaction Id: 881003055321.*EN#
2025-06-11 14:28:06,042 INFO: UNPROCESSED: 0|M-Money|1728023303874 | *164*S*Y'ello,A transaction of 5000 RWF by Data Bundle MTN on your MOMO account was successfully completed at 2024-10-04 08:27:12. Message from debit receiver: . Your new balance:3512 RWF. Fee was 0 RWF. Financial Transaction Id: 16040688508. External Transaction Id: 17280230723010910.*EN#
2025-06-11 14:28:06,042 INFO: UNPROCESSED: 0|M-Money|1728304629128 | *143*S*Your transaction to Mediatrice UWAYISENGA (250788658286) with 3000 RWF has been reversed at 2024-10-07 14:37:00. Your new balance is 10312 RWF. .Thank you for using MTN MobileMoney.*EN#
2025-06-11 14:28:06,042 INFO: UNPROCESSED: 0|M-Money|1728648069986 | *143*R*Y'ello, the transaction with amount 11600 RWF for ESICIA LTD with message: 1763055172864732058074359 failed at 2024-10-11 14:00:00 .Please Contact MobileMoney HelpLine for Assistance.Thank you for using MTN MobileMoney.*EN#
2025-06-11 14:28:06,042 INFO: UNPROCESSED: 0|M-Money|1728648343244 | *164*S*Y'ello,A transaction of 11600 RWF by ESICIA LTD on your MOMO account was successfully completed at 2024-10-11 14:03:20. Message from debit receiver: 1763055172864803458074359RETRY. Your new balance:69655 RWF. Fee was 0 RWF. Financial Transaction Id: 16178728333. External Transaction Id: E43388184PYR1728648034.*EN#
2025-06-11 14:28:06,042 INFO: UNPROCESSED: 0|M-Money|1728657563043 | *164*S*Y'ello,A transaction of 5000 RWF by Data Bundle MTN on your MOMO account was successfully completed at 2024-10-11 16:39:11. Message from debit receiver: . Your new balance:24655 RWF. Fee was 0 RWF. Financial Transaction Id: 16181431637. External Transaction Id: 17286575112418450.*EN#
2025-06-11 14:28:06,042 INFO: UNPROCESSED: 0|M-Money|1728805075742 | Yello!Umaze kugura 3000Frw=2500Mins+100SMS igura 3,000 RWF
2025-06-11 14:28:06,042 INFO: UNPROCESSED: 0|M-Money|1729068519918 | *164*S*Y'ello,A transaction of 5000 RWF by Data Bundle MTN on your MOMO account was successfully completed at 2024-10-16 10:48:32. Message from debit receiver: . Your new balance:128151 RWF. Fee was 0 RWF. Financial Transaction Id: 16269196928. External Transaction Id: 17290684883032395.*EN#
2025-06-11 14:28:06,043 INFO: UNPROCESSED: 0|M-Money|1729331437146 | *164*S*Y'ello,A transaction of 5000 RWF by IREMBO Ltd on your MOMO account was successfully completed at 2024-10-19 11:50:25. Message from debit receiver: 881019247301. Your new balance:10750 RWF. Fee was 0 RWF. Financial Transaction Id: 16327063889. External Transaction Id: 881019247301.*EN#
2025-06-11 14:28:06,043 INFO: UNPROCESSED: 0|M-Money|1729451333898 | *164*S*Y'ello,A transaction of 10000 RWF by Data Bundle MTN on your MOMO account was successfully completed at 2024-10-20 21:07:16. Message from debit receiver: . Your new balance:122472 RWF. Fee was 0 RWF. Financial Transaction Id: 16356106165. External Transaction Id: 17294511812484189.*EN#
2025-06-11 14:28:06,043 INFO: UNPROCESSED: 0|M-Money|1729670347886 | You have transferred 50000 RWF to Linda Green (250795963036) from your mobile money account 20077201001 imbank.bank at 2024-10-23 09:59:01. Your new balance:  . Message from sender: . Message to receiver: . Financial Transaction Id: 16400028923.
2025-06-11 14:28:06,043 INFO: UNPROCESSED: 0|M-Money|1729694591532 | You have transferred 50000 RWF to Robert Brown (250795963036) from your mobile money account 20077201001 imbank.bank at 2024-10-23 16:43:03. Your new balance:  . Message from sender: . Message to receiver: . Financial Transaction Id: 16406794518.
2025-06-11 14:28:06,043 INFO: UNPROCESSED: 0|M-Money|1729809189644 | You have transferred 20000 RWF to Jane Smith (250795963036) from your mobile money account 20077201001 imbank.bank at 2024-10-25 00:33:00. Your new balance:  . Message from sender: . Message to receiver: . Financial Transaction Id: 16433471329.
2025-06-11 14:28:06,043 INFO: UNPROCESSED: 0|M-Money|1729828087652 | You have transferred 20000 RWF to Samuel Carter (250795963036) from your mobile money account 20077201001 imbank.bank at 2024-10-25 05:48:00. Your new balance:  . Message from sender: . Message to receiver: . Financial Transaction Id: 16434717507.
2025-06-11 14:28:06,043 INFO: UNPROCESSED: 0|M-Money|1729972332568 | You have transferred 50000 RWF to Robert Brown (250795963036) from your mobile money account 20077201001 imbank.bank at 2024-10-26 21:52:01. Your new balance:  . Message from sender: . Message to receiver: . Financial Transaction Id: 16471170286.
2025-06-11 14:28:06,043 INFO: UNPROCESSED: 0|M-Money|1730501271367 | *164*S*Y'ello,A transaction of 10000 RWF by INTOUCH COMMUNICATIONS  LTD on your MOMO account was successfully completed at 2024-11-02 00:47:43. Message from debit receiver: 250795963036. Your new balance:14372 RWF. Fee was 0 RWF. Financial Transaction Id: 16591010120. External Transaction Id: 194832520241101224717179801.*EN#
2025-06-11 14:28:06,044 INFO: UNPROCESSED: 0|M-Money|1730836509907 | You have transferred 10000 RWF to Jane Smith (250795963036) from your mobile money account 20077201001 imbank.bank at 2024-11-05 21:55:02. Your new balance:  . Message from sender: . Message to receiver: . Financial Transaction Id: 16664315282.
2025-06-11 14:28:06,044 INFO: UNPROCESSED: 0|M-Money|1730924863853 | *164*S*Y'ello,A transaction of 5000 RWF by Data Bundle MTN on your MOMO account was successfully completed at 2024-11-06 22:27:32. Message from debit receiver: . Your new balance:41167 RWF. Fee was 0 RWF. Financial Transaction Id: 16684572153. External Transaction Id: 17309248153046681.*EN#
2025-06-11 14:28:06,044 INFO: UNPROCESSED: 0|M-Money|1731448688871 | *143*R*Y'ello, the transaction with amount 5000 RWF for Data Bundle MTN with message:  failed at 2024-11-12 23:58:00 .Please Contact MobileMoney HelpLine for Assistance.Thank you for using MTN MobileMoney.*EN#
2025-06-11 14:28:06,044 INFO: UNPROCESSED: 0|M-Money|1731496436570 | *164*S*Y'ello,A transaction of 5000 RWF by Data Bundle MTN on your MOMO account was successfully completed at 2024-11-13 13:13:44. Message from debit receiver: . Your new balance:7022 RWF. Fee was 0 RWF. Financial Transaction Id: 16811450681. External Transaction Id: 17314963852425107.*EN#
2025-06-11 14:28:06,044 INFO: UNPROCESSED: 0|M-Money|1731501931319 | Yello!Umaze kugura 2000Frw=1000Mins+50SMS igura 2,000 RWF
2025-06-11 14:28:06,044 INFO: UNPROCESSED: 0|M-Money|1731755706739 | *164*S*Y'ello,A transaction of 10000 RWF by Data Bundle MTN on your MOMO account was successfully completed at 2024-11-16 13:14:55. Message from debit receiver: . Your new balance:10202 RWF. Fee was 0 RWF. Financial Transaction Id: 16870426837. External Transaction Id: 17317556402493740.*EN#
2025-06-11 14:28:06,045 INFO: UNPROCESSED: 0|M-Money|1732361032157 | You Abebe Chala CHEBUDIE (*********036) have via agent: Agent Sophia (250788999999), withdrawn 50000 RWF from your mobile money account: 36521838 at 2024-11-23 13:23:44 and you can now collect your money in cash. Your new balance: 2401 RWF. Fee paid: 1100 RWF. Message from agent: 1. Financial Transaction Id: 17006777609.
2025-06-11 14:28:06,045 INFO: UNPROCESSED: 0|M-Money|1732363784723 | You Abebe Chala CHEBUDIE (*********036) have via agent: Agent John (250788999999), withdrawn 24000 RWF from your mobile money account: 36521838 at 2024-11-23 14:09:27 and you can now collect your money in cash. Your new balance: 61892 RWF. Fee paid: 600 RWF. Message from agent: 1. Financial Transaction Id: 17007580507.
2025-06-11 14:28:06,045 INFO: UNPROCESSED: 0|M-Money|1732963789903 | *164*S*Y'ello,A transaction of 5000 RWF by Data Bundle MTN on your MOMO account was successfully completed at 2024-11-30 12:48:40. Message from debit receiver: . Your new balance:12012 RWF. Fee was 0 RWF. Financial Transaction Id: 17146971568. External Transaction Id: 17329636532769188.*EN#
2025-06-11 14:28:06,045 INFO: UNPROCESSED: 0|M-Money|1732970352327 | *164*S*Y'ello,A transaction of 200 RWF by INFORMATION TECHNOLOGY  ENGINEERING CONSTRUCTION   ITEC Ltd on your MOMO account was successfully completed at 2024-11-30 14:39:06. Message from debit receiver: ITEC Pay. Your new balance:79492 RWF. Fee was 0 RWF. Financial Transaction Id: 17149096701. External Transaction Id: 65c28253-1297-4c0d-b38b-8edec42fa2e2.*EN#
2025-06-11 14:28:06,045 INFO: UNPROCESSED: 0|M-Money|1733149361777 | *164*S*Y'ello,A transaction of 300 RWF by INFORMATION TECHNOLOGY  ENGINEERING CONSTRUCTION   ITEC Ltd on your MOMO account was successfully completed at 2024-12-02 16:22:35. Message from debit receiver: ITEC Pay. Your new balance:122044 RWF. Fee was 0 RWF. Financial Transaction Id: 17192081844. External Transaction Id: 96218fc3-5668-401b-bf53-4fd66a9e276f.*EN#
2025-06-11 14:28:06,046 INFO: UNPROCESSED: 0|M-Money|1733155955249 | *164*S*Y'ello,A transaction of 10000 RWF by Data Bundle MTN on your MOMO account was successfully completed at 2024-12-02 18:12:28. Message from debit receiver: . Your new balance:103944 RWF. Fee was 0 RWF. Financial Transaction Id: 17194680435. External Transaction Id: 17331559272498010.*EN#
2025-06-11 14:28:06,046 INFO: UNPROCESSED: 0|M-Money|1733253445275 | *164*S*Y'ello,A transaction of 400 RWF by INFORMATION TECHNOLOGY  ENGINEERING CONSTRUCTION   ITEC Ltd on your MOMO account was successfully completed at 2024-12-03 21:17:17. Message from debit receiver: ITEC Pay. Your new balance:20524 RWF. Fee was 0 RWF. Financial Transaction Id: 17219848993. External Transaction Id: 6ed516b1-6031-4395-9072-b895b96561e7.*EN#
2025-06-11 14:28:06,046 INFO: UNPROCESSED: 0|M-Money|1733329043955 | *164*S*Y'ello,A transaction of 300 RWF by INFORMATION TECHNOLOGY  ENGINEERING CONSTRUCTION   ITEC Ltd on your MOMO account was successfully completed at 2024-12-04 18:17:17. Message from debit receiver: ITEC Pay. Your new balance:15124 RWF. Fee was 0 RWF. Financial Transaction Id: 17236283233. External Transaction Id: 2eb6d6d7-83ef-43e8-be2c-79af26d8d3b9.*EN#
2025-06-11 14:28:06,046 INFO: UNPROCESSED: 0|M-Money|1733505772572 | *164*S*Y'ello,A transaction of 900 RWF by INFORMATION TECHNOLOGY  ENGINEERING CONSTRUCTION   ITEC Ltd on your MOMO account was successfully completed at 2024-12-06 19:22:45. Message from debit receiver: ITEC Pay. Your new balance:9124 RWF. Fee was 0 RWF. Financial Transaction Id: 17278839589. External Transaction Id: 9838017e-bba5-4d1f-b7a9-e57bc604e41d.*EN#
2025-06-11 14:28:06,046 INFO: UNPROCESSED: 0|M-Money|1734100214722 | Yello!Umaze kugura 3000Frw=2500Mins+100SMS igura 3,000 RWF
2025-06-11 14:28:06,046 INFO: UNPROCESSED: 0|M-Money|1734332490608 | *164*S*Y'ello,A transaction of 10000 RWF by Data Bundle MTN on your MOMO account was successfully completed at 2024-12-16 08:58:31. Message from debit receiver: . Your new balance:10191 RWF. Fee was 0 RWF. Financial Transaction Id: 17469774285. External Transaction Id: 17343322613083864.*EN#
2025-06-11 14:28:06,047 INFO: UNPROCESSED: 0|M-Money|1735365786382 | *164*S*Y'ello,A transaction of 10000 RWF by Data Bundle MTN on your MOMO account was successfully completed at 2024-12-28 08:02:55. Message from debit receiver: . Your new balance:5864 RWF. Fee was 0 RWF. Financial Transaction Id: 17725876735. External Transaction Id: 17353657322483063.*EN#
2025-06-11 14:28:06,048 INFO: UNPROCESSED: 0|M-Money|1736684454936 | *164*S*Y'ello,A transaction of 5000 RWF by Data Bundle MTN on your MOMO account was successfully completed at 2025-01-12 14:20:37. Message from debit receiver: . Your new balance:17873 RWF. Fee was 0 RWF. Financial Transaction Id: 18044804543. External Transaction Id: 17366843252778824.*EN#
2025-06-11 14:28:06,048 INFO: UNPROCESSED: 0|M-Money|1736772187153 | Yello!Umaze kugura 3000Frw=2500Mins+100SMS igura 3,000 RWF
2025-06-11 14:28:06,048 INFO: UNPROCESSED: 0|M-Money|1736868583669 | *164*S*Y'ello,A transaction of 10000 RWF by Data Bundle MTN on your MOMO account was successfully completed at 2025-01-14 17:29:36. Message from debit receiver: . Your new balance:88000 RWF. Fee was 0 RWF. Financial Transaction Id: 18087757600. External Transaction Id: 17368685383021954.*EN#
2025-06-11 14:36:06,555 INFO: UNPROCESSED: 0|M-Money|1715713269609 | *164*S*Y'ello,A transaction of 25000 RWF by DIRECT PAYMENT LTD  on your MOMO account was successfully completed at 2024-05-14 21:01:00. Message from debit receiver: . Your new balance:4060 RWF. Fee was 0 RWF. Financial Transaction Id: 13947831685. External Transaction Id: 47842929.*EN#
2025-06-11 14:36:06,555 INFO: UNPROCESSED: 0|M-Money|1716682234219 | You Abebe Chala CHEBUDIE (*********036) have via agent: Agent Sophia (250790777777), withdrawn 20000 RWF from your mobile money account: 36521838 at 2024-05-26 02:10:27 and you can now collect your money in cash. Your new balance: 6400 RWF. Fee paid: 350 RWF. Message from agent: 1. Financial Transaction Id: 14098463509.
2025-06-11 14:36:06,556 INFO: UNPROCESSED: 0|M-Money|1717683548224 | *164*S*Y'ello,A transaction of 600 RWF by INFORMATION TECHNOLOGY  ENGINEERING CONSTRUCTION   ITEC Ltd on your MOMO account was successfully completed at 2024-06-06 16:19:01. Message from debit receiver: ITEC Pay. Your new balance:230 RWF. Fee was 0 RWF. Financial Transaction Id: 14262449979. External Transaction Id: c5e8bfeb-33d8-4eb2-8d22-154e5ff5e310.*EN#
2025-06-11 14:36:06,556 INFO: UNPROCESSED: 0|M-Money|1718079978824 | Yello!Umaze kugura 2000Rwf(1GB)/30days igura 2,000 RWF
2025-06-11 14:36:06,557 INFO: UNPROCESSED: 0|M-Money|1718344336236 | *164*S*Y'ello,A transaction of 25000 RWF by DIRECT PAYMENT LTD  on your MOMO account was successfully completed at 2024-06-14 07:52:10. Message from debit receiver: . Your new balance:4750 RWF. Fee was 0 RWF. Financial Transaction Id: 14366722236. External Transaction Id: 48214394.*EN#
2025-06-11 14:36:06,557 INFO: UNPROCESSED: 0|M-Money|1718479745961 | *164*S*Y'ello,A transaction of 8000 RWF by ESICIA LTD KPAY on your MOMO account was successfully completed at 2024-06-15 21:28:58. Message from debit receiver: 1599236171847972758074646. Your new balance:4110 RWF. Fee was 0 RWF. Financial Transaction Id: 14392932831. External Transaction Id: E39762254KPY1718479727.*EN#
2025-06-11 14:36:06,557 INFO: UNPROCESSED: 0|M-Money|1718558767426 | *164*S*Y'ello,A transaction of 5000 RWF by Future Dynamic  Innovations ltd on your MOMO account was successfully completed at 2024-06-16 19:25:44. Message from debit receiver: 610. Your new balance:9350 RWF. Fee was 0 RWF. Financial Transaction Id: 14404189056. External Transaction Id: 475e95b8a1d049c2ba9ee675401d9332.*EN#
2025-06-11 14:36:06,557 INFO: UNPROCESSED: 0|M-Money|1718813759574 | Yello!Umaze kugura 2,000FRW(2GB) igura 2,000 RWF
2025-06-11 14:36:06,558 INFO: UNPROCESSED: 0|M-Money|1719590451961 | Yello!Umaze kugura 2,000FRW(2GB) igura 2,000 RWF
2025-06-11 14:36:06,558 INFO: UNPROCESSED: 0|M-Money|1719613945350 | *164*S*Y'ello,A transaction of 20000 RWF by INTOUCH COMMUNICATIONS  LTD on your MOMO account was successfully completed at 2024-06-29 00:32:19. Message from debit receiver: 250795963036. Your new balance:21670 RWF. Fee was 0 RWF. Financial Transaction Id: 14574631016. External Transaction Id: 169587820240628223202678996.*EN#
2025-06-11 14:36:06,558 INFO: UNPROCESSED: 0|M-Money|1719670020757 | *164*S*Y'ello,A transaction of 20000 RWF by INTOUCH COMMUNICATIONS  LTD on your MOMO account was successfully completed at 2024-06-29 16:06:06. Message from debit receiver: 250795963036. Your new balance:45870 RWF. Fee was 0 RWF. Financial Transaction Id: 14582579702. External Transaction Id: 169710420240629140334182447.*EN#
2025-06-11 14:36:06,559 INFO: UNPROCESSED: 0|M-Money|1720094585182 | Yello!Umaze kugura 500FRW(800MB) igura 500 RWF
2025-06-11 14:36:06,559 INFO: UNPROCESSED: 0|M-Money|1720682760225 | Yello!Umaze kugura 500FRW(800MB) igura 500 RWF
2025-06-11 14:36:06,559 INFO: UNPROCESSED: 0|M-Money|1720963165956 | *164*S*Y'ello,A transaction of 2000 RWF by Data Bundle MTN on your MOMO account was successfully completed at 2024-07-14 15:19:17. Message from debit receiver: . Your new balance:27570 RWF. Fee was 0 RWF. Financial Transaction Id: 14807754878. External Transaction Id: 17209629782498301.*EN#
2025-06-11 14:36:06,560 INFO: UNPROCESSED: 0|M-Money|1721503452398 | A reversal has been initiated for your transaction to Mediatrice UWAYISENGA (250788658286) with 3000 RWF.
2025-06-11 14:36:06,560 INFO: UNPROCESSED: 0|M-Money|1721578773820 | Yello!Umaze kugura 200Rwf(50MB) igura 200 RWF
2025-06-11 14:36:06,560 INFO: UNPROCESSED: 0|M-Money|1721762541773 | Yello!Umaze kugura 500FRW(800MB) igura 500 RWF
2025-06-11 14:36:06,560 INFO: UNPROCESSED: 0|M-Money|1721945444405 | Yello!Umaze kugura 2000Rwf(1.5GB) igura 2,000 RWF
2025-06-11 14:36:06,560 INFO: UNPROCESSED: 0|M-Money|1722511434843 | Yello!Umaze kugura 3000Frw=2500Mins+100SMS igura 3,000 RWF
2025-06-11 14:36:06,560 INFO: UNPROCESSED: 0|M-Money|1722531800596 | Yello!Umaze kugura 500FRW(800MB) igura 500 RWF
2025-06-11 14:36:06,561 INFO: UNPROCESSED: 0|M-Money|1722696140291 | Yello!Umaze kugura 1000Rwf(1GB) igura 1,000 RWF
2025-06-11 14:36:06,561 INFO: UNPROCESSED: 0|M-Money|1722870933106 | Yello!Umaze kugura 200Rwf(50MB) igura 200 RWF
2025-06-11 14:36:06,561 INFO: UNPROCESSED: 0|M-Money|1722968535543 | Yello!Umaze kugura 1,000FRW(2200MB) igura 1,000 RWF
2025-06-11 14:36:06,561 INFO: UNPROCESSED: 0|M-Money|1723144766344 | Yello!Umaze kugura 1,000FRW(2200MB) igura 1,000 RWF
2025-06-11 14:36:06,561 INFO: UNPROCESSED: 0|M-Money|1724487828516 | 1) 2024-08-23 DEPOSIT RWF 25000 Receiver: 250795963036 Sender:  Fee: RWF
2025-06-11 14:36:06,562 INFO: UNPROCESSED: 0|M-Money|1724916642751 | Yello!Umaze kugura 5,000FRW(7GB) igura 5,000 RWF
2025-06-11 14:36:06,562 INFO: UNPROCESSED: 0|M-Money|1725633486748 | *164*S*Y'ello,A transaction of 5000 RWF by Data Bundle MTN on your MOMO account was successfully completed at 2024-09-06 16:37:52. Message from debit receiver: . Your new balance:890 RWF. Fee was 0 RWF. Financial Transaction Id: 15606505500. External Transaction Id: 17256333763041376.*EN#
2025-06-11 14:36:06,562 INFO: UNPROCESSED: 0|M-Money|1725750769763 | *164*S*Y'ello,A transaction of 20000 RWF by INTOUCH COMMUNICATIONS  LTD on your MOMO account was successfully completed at 2024-09-08 01:12:33. Message from debit receiver: 250795963036. Your new balance:103260 RWF. Fee was 0 RWF. Financial Transaction Id: 15628862865. External Transaction Id: 188160120240907231214390890.*EN#
2025-06-11 14:36:06,563 INFO: UNPROCESSED: 0|M-Money|1726062245327 | Yello!Umaze kugura 3000Frw=2500Mins+100SMS igura 3,000 RWF
2025-06-11 14:36:06,563 INFO: UNPROCESSED: 0|M-Money|1726433952387 | *164*S*Y'ello,A transaction of 10500 RWF by ESICIA LTD KPAY on your MOMO account was successfully completed at 2024-09-15 22:59:03. Message from debit receiver: 1727901172643392758074144. Your new balance:24750 RWF. Fee was 0 RWF. Financial Transaction Id: 15747282067. External Transaction Id: E42267291KPY1726433927.*EN#
2025-06-11 14:36:06,563 INFO: UNPROCESSED: 0|M-Money|1726661840309 | Yello!Umaze kugura 5,000FRW(7GB) igura 5,000 RWF
2025-06-11 14:36:06,563 INFO: UNPROCESSED: 0|M-Money|1726926549905 | *143*R*Y'ello, the transaction with amount 14200 RWF for ESICIA LTD with message: 1734874172692585358074144 failed at 2024-09-21 15:49:01 .Please Contact MobileMoney HelpLine for Assistance.Thank you for using MTN MobileMoney.*EN#
2025-06-11 14:36:06,564 INFO: UNPROCESSED: 0|M-Money|1727195880498 | *164*S*Y'ello,A transaction of 200 RWF by INFORMATION TECHNOLOGY  ENGINEERING CONSTRUCTION   ITEC Ltd on your MOMO account was successfully completed at 2024-09-24 18:37:52. Message from debit receiver: ITEC Pay. Your new balance:1180 RWF. Fee was 0 RWF. Financial Transaction Id: 15874896437. External Transaction Id: 68d6367d-f56d-4436-a31f-6f59aeb70ef3.*EN#
2025-06-11 14:36:06,564 INFO: UNPROCESSED: 0|M-Money|1727522179212 | *164*S*Y'ello,A transaction of 5000 RWF by Data Bundle MTN on your MOMO account was successfully completed at 2024-09-28 13:16:02. Message from debit receiver: . Your new balance:11310 RWF. Fee was 0 RWF. Financial Transaction Id: 15930732191. External Transaction Id: 17275220792115073.*EN#
2025-06-11 14:36:06,564 INFO: UNPROCESSED: 0|M-Money|1727557018776 | *164*S*Y'ello,A transaction of 13000 RWF by ESICIA LTD KPAY on your MOMO account was successfully completed at 2024-09-28 22:56:50. Message from debit receiver: 1745596172755699358074193. Your new balance:43210 RWF. Fee was 0 RWF. Financial Transaction Id: 15940915096. External Transaction Id: E42831629KPY1727556993.*EN#
2025-06-11 14:36:06,564 INFO: UNPROCESSED: 0|M-Money|1727970570265 | *164*S*Y'ello,A transaction of 25000 RWF by IREMBO Ltd on your MOMO account was successfully completed at 2024-10-03 17:49:18. Message from debit receiver: 881003055321. Your new balance:4012 RWF. Fee was 0 RWF. Financial Transaction Id: 16030998575. External Transaction Id: 881003055321.*EN#
2025-06-11 14:36:06,564 INFO: UNPROCESSED: 0|M-Money|1728023303874 | *164*S*Y'ello,A transaction of 5000 RWF by Data Bundle MTN on your MOMO account was successfully completed at 2024-10-04 08:27:12. Message from debit receiver: . Your new balance:3512 RWF. Fee was 0 RWF. Financial Transaction Id: 16040688508. External Transaction Id: 17280230723010910.*EN#
2025-06-11 14:36:06,564 INFO: UNPROCESSED: 0|M-Money|1728304629128 | *143*S*Your transaction to Mediatrice UWAYISENGA (250788658286) with 3000 RWF has been reversed at 2024-10-07 14:37:00. Your new balance is 10312 RWF. .Thank you for using MTN MobileMoney.*EN#
2025-06-11 14:36:06,564 INFO: UNPROCESSED: 0|M-Money|1728648069986 | *143*R*Y'ello, the transaction with amount 11600 RWF for ESICIA LTD with message: 1763055172864732058074359 failed at 2024-10-11 14:00:00 .Please Contact MobileMoney HelpLine for Assistance.Thank you for using MTN MobileMoney.*EN#
2025-06-11 14:36:06,564 INFO: UNPROCESSED: 0|M-Money|1728648343244 | *164*S*Y'ello,A transaction of 11600 RWF by ESICIA LTD on your MOMO account was successfully completed at 2024-10-11 14:03:20. Message from debit receiver: 1763055172864803458074359RETRY. Your new balance:69655 RWF. Fee was 0 RWF. Financial Transaction Id: 16178728333. External Transaction Id: E43388184PYR1728648034.*EN#
2025-06-11 14:36:06,565 INFO: UNPROCESSED: 0|M-Money|1728657563043 | *164*S*Y'ello,A transaction of 5000 RWF by Data Bundle MTN on your MOMO account was successfully completed at 2024-10-11 16:39:11. Message from debit receiver: . Your new balance:24655 RWF. Fee was 0 RWF. Financial Transaction Id: 16181431637. External Transaction Id: 17286575112418450.*EN#
2025-06-11 14:36:06,565 INFO: UNPROCESSED: 0|M-Money|1728805075742 | Yello!Umaze kugura 3000Frw=2500Mins+100SMS igura 3,000 RWF
2025-06-11 14:36:06,565 INFO: UNPROCESSED: 0|M-Money|1729068519918 | *164*S*Y'ello,A transaction of 5000 RWF by Data Bundle MTN on your MOMO account was successfully completed at 2024-10-16 10:48:32. Message from debit receiver: . Your new balance:128151 RWF. Fee was 0 RWF. Financial Transaction Id: 16269196928. External Transaction Id: 17290684883032395.*EN#
2025-06-11 14:36:06,565 INFO: UNPROCESSED: 0|M-Money|1729331437146 | *164*S*Y'ello,A transaction of 5000 RWF by IREMBO Ltd on your MOMO account was successfully completed at 2024-10-19 11:50:25. Message from debit receiver: 881019247301. Your new balance:10750 RWF. Fee was 0 RWF. Financial Transaction Id: 16327063889. External Transaction Id: 881019247301.*EN#
2025-06-11 14:36:06,565 INFO: UNPROCESSED: 0|M-Money|1729451333898 | *164*S*Y'ello,A transaction of 10000 RWF by Data Bundle MTN on your MOMO account was successfully completed at 2024-10-20 21:07:16. Message from debit receiver: . Your new balance:122472 RWF. Fee was 0 RWF. Financial Transaction Id: 16356106165. External Transaction Id: 17294511812484189.*EN#
2025-06-11 14:36:06,565 INFO: UNPROCESSED: 0|M-Money|1729670347886 | You have transferred 50000 RWF to Linda Green (250795963036) from your mobile money account 20077201001 imbank.bank at 2024-10-23 09:59:01. Your new balance:  . Message from sender: . Message to receiver: . Financial Transaction Id: 16400028923.
2025-06-11 14:36:06,565 INFO: UNPROCESSED: 0|M-Money|1729694591532 | You have transferred 50000 RWF to Robert Brown (250795963036) from your mobile money account 20077201001 imbank.bank at 2024-10-23 16:43:03. Your new balance:  . Message from sender: . Message to receiver: . Financial Transaction Id: 16406794518.
2025-06-11 14:36:06,565 INFO: UNPROCESSED: 0|M-Money|1729809189644 | You have transferred 20000 RWF to Jane Smith (250795963036) from your mobile money account 20077201001 imbank.bank at 2024-10-25 00:33:00. Your new balance:  . Message from sender: . Message to receiver: . Financial Transaction Id: 16433471329.
2025-06-11 14:36:06,565 INFO: UNPROCESSED: 0|M-Money|1729828087652 | You have transferred 20000 RWF to Samuel Carter (250795963036) from your mobile money account 20077201001 imbank.bank at 2024-10-25 05:48:00. Your new balance:  . Message from sender: . Message to receiver: . Financial Transaction Id: 16434717507.
2025-06-11 14:36:06,565 INFO: UNPROCESSED: 0|M-Money|1729972332568 | You have transferred 50000 RWF to Robert Brown (250795963036) from your mobile money account 20077201001 imbank.bank at 2024-10-26 21:52:01. Your new balance:  . Message from sender: . Message to receiver: . Financial Transaction Id: 16471170286.
2025-06-11 14:36:06,566 INFO: UNPROCESSED: 0|M-Money|1730501271367 | *164*S*Y'ello,A transaction of 10000 RWF by INTOUCH COMMUNICATIONS  LTD on your MOMO account was successfully completed at 2024-11-02 00:47:43. Message from debit receiver: 250795963036. Your new balance:14372 RWF. Fee was 0 RWF. Financial Transaction Id: 16591010120. External Transaction Id: 194832520241101224717179801.*EN#
2025-06-11 14:36:06,566 INFO: UNPROCESSED: 0|M-Money|1730836509907 | You have transferred 10000 RWF to Jane Smith (250795963036) from your mobile money account 20077201001 imbank.bank at 2024-11-05 21:55:02. Your new balance:  . Message from sender: . Message to receiver: . Financial Transaction Id: 16664315282.
2025-06-11 14:36:06,566 INFO: UNPROCESSED: 0|M-Money|1730924863853 | *164*S*Y'ello,A transaction of 5000 RWF by Data Bundle MTN on your MOMO account was successfully completed at 2024-11-06 22:27:32. Message from debit receiver: . Your new balance:41167 RWF. Fee was 0 RWF. Financial Transaction Id: 16684572153. External Transaction Id: 17309248153046681.*EN#
2025-06-11 14:36:06,566 INFO: UNPROCESSED: 0|M-Money|1731448688871 | *143*R*Y'ello, the transaction with amount 5000 RWF for Data Bundle MTN with message:  failed at 2024-11-12 23:58:00 .Please Contact MobileMoney HelpLine for Assistance.Thank you for using MTN MobileMoney.*EN#
2025-06-11 14:36:06,566 INFO: UNPROCESSED: 0|M-Money|1731496436570 | *164*S*Y'ello,A transaction of 5000 RWF by Data Bundle MTN on your MOMO account was successfully completed at 2024-11-13 13:13:44. Message from debit receiver: . Your new balance:7022 RWF. Fee was 0 RWF. Financial Transaction Id: 16811450681. External Transaction Id: 17314963852425107.*EN#
2025-06-11 14:36:06,566 INFO: UNPROCESSED: 0|M-Money|1731501931319 | Yello!Umaze kugura 2000Frw=1000Mins+50SMS igura 2,000 RWF
2025-06-11 14:36:06,566 INFO: UNPROCESSED: 0|M-Money|1731755706739 | *164*S*Y'ello,A transaction of 10000 RWF by Data Bundle MTN on your MOMO account was successfully completed at 2024-11-16 13:14:55. Message from debit receiver: . Your new balance:10202 RWF. Fee was 0 RWF. Financial Transaction Id: 16870426837. External Transaction Id: 17317556402493740.*EN#
2025-06-11 14:36:06,567 INFO: UNPROCESSED: 0|M-Money|1732361032157 | You Abebe Chala CHEBUDIE (*********036) have via agent: Agent Sophia (250788999999), withdrawn 50000 RWF from your mobile money account: 36521838 at 2024-11-23 13:23:44 and you can now collect your money in cash. Your new balance: 2401 RWF. Fee paid: 1100 RWF. Message from agent: 1. Financial Transaction Id: 17006777609.
2025-06-11 14:36:06,567 INFO: UNPROCESSED: 0|M-Money|1732363784723 | You Abebe Chala CHEBUDIE (*********036) have via agent: Agent John (250788999999), withdrawn 24000 RWF from your mobile money account: 36521838 at 2024-11-23 14:09:27 and you can now collect your money in cash. Your new balance: 61892 RWF. Fee paid: 600 RWF. Message from agent: 1. Financial Transaction Id: 17007580507.
2025-06-11 14:36:06,567 INFO: UNPROCESSED: 0|M-Money|1732963789903 | *164*S*Y'ello,A transaction of 5000 RWF by Data Bundle MTN on your MOMO account was successfully completed at 2024-11-30 12:48:40. Message from debit receiver: . Your new balance:12012 RWF. Fee was 0 RWF. Financial Transaction Id: 17146971568. External Transaction Id: 17329636532769188.*EN#
2025-06-11 14:36:06,567 INFO: UNPROCESSED: 0|M-Money|1732970352327 | *164*S*Y'ello,A transaction of 200 RWF by INFORMATION TECHNOLOGY  ENGINEERING CONSTRUCTION   ITEC Ltd on your MOMO account was successfully completed at 2024-11-30 14:39:06. Message from debit receiver: ITEC Pay. Your new balance:79492 RWF. Fee was 0 RWF. Financial Transaction Id: 17149096701. External Transaction Id: 65c28253-1297-4c0d-b38b-8edec42fa2e2.*EN#
2025-06-11 14:36:06,568 INFO: UNPROCESSED: 0|M-Money|1733149361777 | *164*S*Y'ello,A transaction of 300 RWF by INFORMATION TECHNOLOGY  ENGINEERING CONSTRUCTION   ITEC Ltd on your MOMO account was successfully completed at 2024-12-02 16:22:35. Message from debit receiver: ITEC Pay. Your new balance:122044 RWF. Fee was 0 RWF. Financial Transaction Id: 17192081844. External Transaction Id: 96218fc3-5668-401b-bf53-4fd66a9e276f.*EN#
2025-06-11 14:36:06,568 INFO: UNPROCESSED: 0|M-Money|1733155955249 | *164*S*Y'ello,A transaction of 10000 RWF by Data Bundle MTN on your MOMO account was successfully completed at 2024-12-02 18:12:28. Message from debit receiver: . Your new balance:103944 RWF. Fee was 0 RWF. Financial Transaction Id: 17194680435. External Transaction Id: 17331559272498010.*EN#
2025-06-11 14:36:06,568 INFO: UNPROCESSED: 0|M-Money|1733253445275 | *164*S*Y'ello,A transaction of 400 RWF by INFORMATION TECHNOLOGY  ENGINEERING CONSTRUCTION   ITEC Ltd on your MOMO account was successfully completed at 2024-12-03 21:17:17. Message from debit receiver: ITEC Pay. Your new balance:20524 RWF. Fee was 0 RWF. Financial Transaction Id: 17219848993. External Transaction Id: 6ed516b1-6031-4395-9072-b895b96561e7.*EN#
2025-06-11 14:36:06,568 INFO: UNPROCESSED: 0|M-Money|1733329043955 | *164*S*Y'ello,A transaction of 300 RWF by INFORMATION TECHNOLOGY  ENGINEERING CONSTRUCTION   ITEC Ltd on your MOMO account was successfully completed at 2024-12-04 18:17:17. Message from debit receiver: ITEC Pay. Your new balance:15124 RWF. Fee was 0 RWF. Financial Transaction Id: 17236283233. External Transaction Id: 2eb6d6d7-83ef-43e8-be2c-79af26d8d3b9.*EN#
2025-06-11 14:36:06,568 INFO: UNPROCESSED: 0|M-Money|1733505772572 | *164*S*Y'ello,A transaction of 900 RWF by INFORMATION TECHNOLOGY  ENGINEERING CONSTRUCTION   ITEC Ltd on your MOMO account was successfully completed at 2024-12-06 19:22:45. Message from debit receiver: ITEC Pay. Your new balance:9124 RWF. Fee was 0 RWF. Financial Transaction Id: 17278839589. External Transaction Id: 9838017e-bba5-4d1f-b7a9-e57bc604e41d.*EN#
2025-06-11 14:36:06,568 INFO: UNPROCESSED: 0|M-Money|1734100214722 | Yello!Umaze kugura 3000Frw=2500Mins+100SMS igura 3,000 RWF
2025-06-11 14:36:06,568 INFO: UNPROCESSED: 0|M-Money|1734332490608 | *164*S*Y'ello,A transaction of 10000 RWF by Data Bundle MTN on your MOMO account was successfully completed at 2024-12-16 08:58:31. Message from debit receiver: . Your new balance:10191 RWF. Fee was 0 RWF. Financial Transaction Id: 17469774285. External Transaction Id: 17343322613083864.*EN#
2025-06-11 14:36:06,569 INFO: UNPROCESSED: 0|M-Money|1735365786382 | *164*S*Y'ello,A transaction of 10000 RWF by Data Bundle MTN on your MOMO account was successfully completed at 2024-12-28 08:02:55. Message from debit receiver: . Your new balance:5864 RWF. Fee was 0 RWF. Financial Transaction Id: 17725876735. External Transaction Id: 17353657322483063.*EN#
2025-06-11 14:36:06,570 INFO: UNPROCESSED: 0|M-Money|1736684454936 | *164*S*Y'ello,A transaction of 5000 RWF by Data Bundle MTN on your MOMO account was successfully completed at 2025-01-12 14:20:37. Message from debit receiver: . Your new balance:17873 RWF. Fee was 0 RWF. Financial Transaction Id: 18044804543. External Transaction Id: 17366843252778824.*EN#
2025-06-11 14:36:06,570 INFO: UNPROCESSED: 0|M-Money|1736772187153 | Yello!Umaze kugura 3000Frw=2500Mins+100SMS igura 3,000 RWF
2025-06-11 14:36:06,570 INFO: UNPROCESSED: 0|M-Money|1736868583669 | *164*S*Y'ello,A transaction of 10000 RWF by Data Bundle MTN on your MOMO account was successfully completed at 2025-01-14 17:29:36. Message from debit receiver: . Your new balance:88000 RWF. Fee was 0 RWF. Financial Transaction Id: 18087757600. External Transaction Id: 17368685383021954.*EN#
